   0  $accept : Program $end

   1  Program : ClassList

   2  ClassList : ClassList ClassDef
   3            | ClassDef

   4  VariableDef : Variable ';'

   5  Variable : Type IDENTIFIER

   6  Type : INT
   7       | VOID
   8       | BOOL
   9       | STRING
  10       | CLASS IDENTIFIER
  11       | Type '[' ']'

  12  ClassDef : CLASS IDENTIFIER ExtendsClause '{' FieldList '}'

  13  ExtendsClause : EXTENDS IDENTIFIER
  14                |

  15  FieldList : FieldList VariableDef
  16            | FieldList FunctionDef
  17            |

  18  Formals : VariableList
  19          |

  20  VariableList : VariableList ',' Variable
  21               | Variable

  22  FunctionDef : STATIC Type IDENTIFIER '(' Formals ')' StmtBlock
  23              | Type IDENTIFIER '(' Formals ')' StmtBlock

  24  StmtBlock : '{' StmtList '}'

  25  StmtList : StmtList Stmt
  26           |

  27  Stmt : VariableDef
  28       | SimpleStmt ';'
  29       | IfStmt
  30       | WhileStmt
  31       | ForStmt
  32       | ReturnStmt ';'
  33       | PrintStmt ';'
  34       | BreakStmt ';'
  35       | StmtBlock
  36       | GuardedIfStmt
  37       | GuardedDoStmt

  38  SimpleStmt : LValue '=' Expr
  39             | Call
  40             |

  41  LValue : IDENTIFIER
  42         | Expr '.' IDENTIFIER
  43         | Expr '[' Expr ']'

  44  Call : IDENTIFIER '(' Actuals ')'
  45       | Expr '.' IDENTIFIER '(' Actuals ')'

  46  Expr : LValue
  47       | Call
  48       | Constant
  49       | Expr '?' Expr ':' Expr
  50       | Expr '+' Expr
  51       | Expr '-' Expr
  52       | Expr '*' Expr
  53       | Expr '/' Expr
  54       | Expr '%' Expr
  55       | Expr EQUAL Expr
  56       | Expr NOT_EQUAL Expr
  57       | Expr '<' Expr
  58       | Expr '>' Expr
  59       | Expr LESS_EQUAL Expr
  60       | Expr GREATER_EQUAL Expr
  61       | Expr AND Expr
  62       | Expr OR Expr
  63       | '(' Expr ')'
  64       | '-' Expr
  65       | '!' Expr

  66  $$1 :

  67  Expr : IDENTIFIER $$1 SELF_INC
  68       | SELF_INC IDENTIFIER

  69  $$2 :

  70  Expr : IDENTIFIER $$2 SELF_DEC

  71  $$3 :

  72  Expr : SELF_DEC IDENTIFIER $$3
  73       | READ_INTEGER '(' ')'
  74       | READ_LINE '(' ')'
  75       | THIS
  76       | NEW IDENTIFIER '(' ')'
  77       | NEW Type '[' Expr ']'
  78       | INSTANCEOF '(' Expr ',' IDENTIFIER ')'
  79       | '(' CLASS IDENTIFIER ')' Expr
  80       | NUMINSTANCES '(' IDENTIFIER ')'

  81  Constant : LITERAL
  82           | NULL

  83  Actuals : ExprList
  84          |

  85  ExprList : ExprList ',' Expr
  86           | Expr

  87  WhileStmt : WHILE '(' Expr ')' Stmt

  88  ForStmt : FOR '(' SimpleStmt ';' Expr ';' SimpleStmt ')' Stmt

  89  BreakStmt : BREAK

  90  IfStmt : IF '(' Expr ')' Stmt ElseClause

  91  ElseClause : ELSE Stmt
  92             |

  93  ReturnStmt : RETURN Expr
  94             | RETURN

  95  PrintStmt : PRINT '(' ExprList ')'

  96  GuardedIfStmt : IF GuardedStmts FI

  97  GuardedDoStmt : DO GuardedStmts OD

  98  GuardedStmts : GuardedStmts CASESEP Expr ':' Stmt
  99               | Expr ':' Stmt

state 0
	$accept : . Program $end  (0)

	CLASS  shift 1
	.  error

	Program  goto 2
	ClassList  goto 3
	ClassDef  goto 4


state 1
	ClassDef : CLASS . IDENTIFIER ExtendsClause '{' FieldList '}'  (12)

	IDENTIFIER  shift 5
	.  error


state 2
	$accept : Program . $end  (0)

	$end  accept


state 3
	Program : ClassList .  (1)
	ClassList : ClassList . ClassDef  (2)

	CLASS  shift 1
	$end  reduce 1

	ClassDef  goto 6


state 4
	ClassList : ClassDef .  (3)

	.  reduce 3


state 5
	ClassDef : CLASS IDENTIFIER . ExtendsClause '{' FieldList '}'  (12)
	ExtendsClause : .  (14)

	EXTENDS  shift 7
	'{'  reduce 14

	ExtendsClause  goto 8


state 6
	ClassList : ClassList ClassDef .  (2)

	.  reduce 2


state 7
	ExtendsClause : EXTENDS . IDENTIFIER  (13)

	IDENTIFIER  shift 9
	.  error


state 8
	ClassDef : CLASS IDENTIFIER ExtendsClause . '{' FieldList '}'  (12)

	'{'  shift 10
	.  error


state 9
	ExtendsClause : EXTENDS IDENTIFIER .  (13)

	.  reduce 13


state 10
	ClassDef : CLASS IDENTIFIER ExtendsClause '{' . FieldList '}'  (12)
	FieldList : .  (17)

	.  reduce 17

	FieldList  goto 11


state 11
	ClassDef : CLASS IDENTIFIER ExtendsClause '{' FieldList . '}'  (12)
	FieldList : FieldList . VariableDef  (15)
	FieldList : FieldList . FunctionDef  (16)

	VOID  shift 12
	BOOL  shift 13
	INT  shift 14
	STRING  shift 15
	CLASS  shift 16
	STATIC  shift 17
	'}'  shift 18
	.  error

	VariableDef  goto 19
	Variable  goto 20
	Type  goto 21
	FunctionDef  goto 22


state 12
	Type : VOID .  (7)

	.  reduce 7


state 13
	Type : BOOL .  (8)

	.  reduce 8


state 14
	Type : INT .  (6)

	.  reduce 6


state 15
	Type : STRING .  (9)

	.  reduce 9


state 16
	Type : CLASS . IDENTIFIER  (10)

	IDENTIFIER  shift 23
	.  error


state 17
	FunctionDef : STATIC . Type IDENTIFIER '(' Formals ')' StmtBlock  (22)

	VOID  shift 12
	BOOL  shift 13
	INT  shift 14
	STRING  shift 15
	CLASS  shift 16
	.  error

	Type  goto 24


state 18
	ClassDef : CLASS IDENTIFIER ExtendsClause '{' FieldList '}' .  (12)

	.  reduce 12


state 19
	FieldList : FieldList VariableDef .  (15)

	.  reduce 15


state 20
	VariableDef : Variable . ';'  (4)

	';'  shift 25
	.  error


state 21
	Variable : Type . IDENTIFIER  (5)
	Type : Type . '[' ']'  (11)
	FunctionDef : Type . IDENTIFIER '(' Formals ')' StmtBlock  (23)

	IDENTIFIER  shift 26
	'['  shift 27
	.  error


state 22
	FieldList : FieldList FunctionDef .  (16)

	.  reduce 16


state 23
	Type : CLASS IDENTIFIER .  (10)

	.  reduce 10


state 24
	Type : Type . '[' ']'  (11)
	FunctionDef : STATIC Type . IDENTIFIER '(' Formals ')' StmtBlock  (22)

	IDENTIFIER  shift 28
	'['  shift 27
	.  error


state 25
	VariableDef : Variable ';' .  (4)

	.  reduce 4


state 26
	Variable : Type IDENTIFIER .  (5)
	FunctionDef : Type IDENTIFIER . '(' Formals ')' StmtBlock  (23)

	'('  shift 29
	';'  reduce 5


state 27
	Type : Type '[' . ']'  (11)

	']'  shift 30
	.  error


state 28
	FunctionDef : STATIC Type IDENTIFIER . '(' Formals ')' StmtBlock  (22)

	'('  shift 31
	.  error


state 29
	FunctionDef : Type IDENTIFIER '(' . Formals ')' StmtBlock  (23)
	Formals : .  (19)

	VOID  shift 12
	BOOL  shift 13
	INT  shift 14
	STRING  shift 15
	CLASS  shift 16
	')'  reduce 19

	Variable  goto 32
	Type  goto 33
	Formals  goto 34
	VariableList  goto 35


state 30
	Type : Type '[' ']' .  (11)

	.  reduce 11


state 31
	FunctionDef : STATIC Type IDENTIFIER '(' . Formals ')' StmtBlock  (22)
	Formals : .  (19)

	VOID  shift 12
	BOOL  shift 13
	INT  shift 14
	STRING  shift 15
	CLASS  shift 16
	')'  reduce 19

	Variable  goto 32
	Type  goto 33
	Formals  goto 36
	VariableList  goto 35


state 32
	VariableList : Variable .  (21)

	.  reduce 21


state 33
	Variable : Type . IDENTIFIER  (5)
	Type : Type . '[' ']'  (11)

	IDENTIFIER  shift 37
	'['  shift 27
	.  error


state 34
	FunctionDef : Type IDENTIFIER '(' Formals . ')' StmtBlock  (23)

	')'  shift 38
	.  error


state 35
	Formals : VariableList .  (18)
	VariableList : VariableList . ',' Variable  (20)

	','  shift 39
	')'  reduce 18


state 36
	FunctionDef : STATIC Type IDENTIFIER '(' Formals . ')' StmtBlock  (22)

	')'  shift 40
	.  error


state 37
	Variable : Type IDENTIFIER .  (5)

	.  reduce 5


state 38
	FunctionDef : Type IDENTIFIER '(' Formals ')' . StmtBlock  (23)

	'{'  shift 41
	.  error

	StmtBlock  goto 42


state 39
	VariableList : VariableList ',' . Variable  (20)

	VOID  shift 12
	BOOL  shift 13
	INT  shift 14
	STRING  shift 15
	CLASS  shift 16
	.  error

	Variable  goto 43
	Type  goto 33


state 40
	FunctionDef : STATIC Type IDENTIFIER '(' Formals ')' . StmtBlock  (22)

	'{'  shift 41
	.  error

	StmtBlock  goto 44


state 41
	StmtBlock : '{' . StmtList '}'  (24)
	StmtList : .  (26)

	.  reduce 26

	StmtList  goto 45


state 42
	FunctionDef : Type IDENTIFIER '(' Formals ')' StmtBlock .  (23)

	.  reduce 23


state 43
	VariableList : VariableList ',' Variable .  (20)

	.  reduce 20


state 44
	FunctionDef : STATIC Type IDENTIFIER '(' Formals ')' StmtBlock .  (22)

	.  reduce 22


state 45
	StmtBlock : '{' StmtList . '}'  (24)
	StmtList : StmtList . Stmt  (25)
	SimpleStmt : .  (40)

	VOID  shift 12
	BOOL  shift 13
	INT  shift 14
	STRING  shift 15
	CLASS  shift 16
	NULL  shift 46
	THIS  shift 47
	WHILE  shift 48
	FOR  shift 49
	IF  shift 50
	RETURN  shift 51
	BREAK  shift 52
	NEW  shift 53
	PRINT  shift 54
	READ_INTEGER  shift 55
	READ_LINE  shift 56
	LITERAL  shift 57
	IDENTIFIER  shift 58
	INSTANCEOF  shift 59
	SELF_INC  shift 60
	SELF_DEC  shift 61
	NUMINSTANCES  shift 62
	DO  shift 63
	'-'  shift 64
	'!'  shift 65
	'('  shift 66
	'{'  shift 41
	'}'  shift 67
	';'  reduce 40

	VariableDef  goto 68
	Variable  goto 20
	Type  goto 33
	StmtBlock  goto 69
	Stmt  goto 70
	SimpleStmt  goto 71
	IfStmt  goto 72
	WhileStmt  goto 73
	ForStmt  goto 74
	ReturnStmt  goto 75
	PrintStmt  goto 76
	BreakStmt  goto 77
	GuardedIfStmt  goto 78
	GuardedDoStmt  goto 79
	LValue  goto 80
	Expr  goto 81
	Call  goto 82
	Constant  goto 83


state 46
	Constant : NULL .  (82)

	.  reduce 82


state 47
	Expr : THIS .  (75)

	.  reduce 75


state 48
	WhileStmt : WHILE . '(' Expr ')' Stmt  (87)

	'('  shift 84
	.  error


state 49
	ForStmt : FOR . '(' SimpleStmt ';' Expr ';' SimpleStmt ')' Stmt  (88)

	'('  shift 85
	.  error


state 50
	IfStmt : IF . '(' Expr ')' Stmt ElseClause  (90)
	GuardedIfStmt : IF . GuardedStmts FI  (96)

	NULL  shift 46
	THIS  shift 47
	NEW  shift 53
	READ_INTEGER  shift 55
	READ_LINE  shift 56
	LITERAL  shift 57
	IDENTIFIER  shift 58
	INSTANCEOF  shift 59
	SELF_INC  shift 60
	SELF_DEC  shift 61
	NUMINSTANCES  shift 62
	'-'  shift 64
	'!'  shift 65
	'('  shift 86
	.  error

	LValue  goto 87
	Expr  goto 88
	Call  goto 89
	Constant  goto 83
	GuardedStmts  goto 90


state 51
	ReturnStmt : RETURN . Expr  (93)
	ReturnStmt : RETURN .  (94)

	NULL  shift 46
	THIS  shift 47
	NEW  shift 53
	READ_INTEGER  shift 55
	READ_LINE  shift 56
	LITERAL  shift 57
	IDENTIFIER  shift 58
	INSTANCEOF  shift 59
	SELF_INC  shift 60
	SELF_DEC  shift 61
	NUMINSTANCES  shift 62
	'-'  shift 64
	'!'  shift 65
	'('  shift 66
	';'  reduce 94

	LValue  goto 87
	Expr  goto 91
	Call  goto 89
	Constant  goto 83


state 52
	BreakStmt : BREAK .  (89)

	.  reduce 89


state 53
	Expr : NEW . IDENTIFIER '(' ')'  (76)
	Expr : NEW . Type '[' Expr ']'  (77)

	VOID  shift 12
	BOOL  shift 13
	INT  shift 14
	STRING  shift 15
	CLASS  shift 16
	IDENTIFIER  shift 92
	.  error

	Type  goto 93


state 54
	PrintStmt : PRINT . '(' ExprList ')'  (95)

	'('  shift 94
	.  error


state 55
	Expr : READ_INTEGER . '(' ')'  (73)

	'('  shift 95
	.  error


state 56
	Expr : READ_LINE . '(' ')'  (74)

	'('  shift 96
	.  error


state 57
	Constant : LITERAL .  (81)

	.  reduce 81


state 58
	LValue : IDENTIFIER .  (41)
	Call : IDENTIFIER . '(' Actuals ')'  (44)
	Expr : IDENTIFIER . $$1 SELF_INC  (67)
	Expr : IDENTIFIER . $$2 SELF_DEC  (70)
	$$1 : .  (66)
	$$2 : .  (69)

	'('  shift 97
	AND  reduce 41
	OR  reduce 41
	LESS_EQUAL  reduce 41
	GREATER_EQUAL  reduce 41
	EQUAL  reduce 41
	NOT_EQUAL  reduce 41
	SELF_INC  reduce 66
	SELF_DEC  reduce 69
	'+'  reduce 41
	'-'  reduce 41
	'*'  reduce 41
	'/'  reduce 41
	'%'  reduce 41
	'='  reduce 41
	'>'  reduce 41
	'<'  reduce 41
	'.'  reduce 41
	','  reduce 41
	';'  reduce 41
	')'  reduce 41
	'['  reduce 41
	']'  reduce 41
	'?'  reduce 41
	':'  reduce 41

	$$1  goto 98
	$$2  goto 99


state 59
	Expr : INSTANCEOF . '(' Expr ',' IDENTIFIER ')'  (78)

	'('  shift 100
	.  error


state 60
	Expr : SELF_INC . IDENTIFIER  (68)

	IDENTIFIER  shift 101
	.  error


state 61
	Expr : SELF_DEC . IDENTIFIER $$3  (72)

	IDENTIFIER  shift 102
	.  error


state 62
	Expr : NUMINSTANCES . '(' IDENTIFIER ')'  (80)

	'('  shift 103
	.  error


state 63
	GuardedDoStmt : DO . GuardedStmts OD  (97)

	NULL  shift 46
	THIS  shift 47
	NEW  shift 53
	READ_INTEGER  shift 55
	READ_LINE  shift 56
	LITERAL  shift 57
	IDENTIFIER  shift 58
	INSTANCEOF  shift 59
	SELF_INC  shift 60
	SELF_DEC  shift 61
	NUMINSTANCES  shift 62
	'-'  shift 64
	'!'  shift 65
	'('  shift 66
	.  error

	LValue  goto 87
	Expr  goto 88
	Call  goto 89
	Constant  goto 83
	GuardedStmts  goto 104


state 64
	Expr : '-' . Expr  (64)

	NULL  shift 46
	THIS  shift 47
	NEW  shift 53
	READ_INTEGER  shift 55
	READ_LINE  shift 56
	LITERAL  shift 57
	IDENTIFIER  shift 58
	INSTANCEOF  shift 59
	SELF_INC  shift 60
	SELF_DEC  shift 61
	NUMINSTANCES  shift 62
	'-'  shift 64
	'!'  shift 65
	'('  shift 66
	.  error

	LValue  goto 87
	Expr  goto 105
	Call  goto 89
	Constant  goto 83


state 65
	Expr : '!' . Expr  (65)

	NULL  shift 46
	THIS  shift 47
	NEW  shift 53
	READ_INTEGER  shift 55
	READ_LINE  shift 56
	LITERAL  shift 57
	IDENTIFIER  shift 58
	INSTANCEOF  shift 59
	SELF_INC  shift 60
	SELF_DEC  shift 61
	NUMINSTANCES  shift 62
	'-'  shift 64
	'!'  shift 65
	'('  shift 66
	.  error

	LValue  goto 87
	Expr  goto 106
	Call  goto 89
	Constant  goto 83


state 66
	Expr : '(' . Expr ')'  (63)
	Expr : '(' . CLASS IDENTIFIER ')' Expr  (79)

	CLASS  shift 107
	NULL  shift 46
	THIS  shift 47
	NEW  shift 53
	READ_INTEGER  shift 55
	READ_LINE  shift 56
	LITERAL  shift 57
	IDENTIFIER  shift 58
	INSTANCEOF  shift 59
	SELF_INC  shift 60
	SELF_DEC  shift 61
	NUMINSTANCES  shift 62
	'-'  shift 64
	'!'  shift 65
	'('  shift 66
	.  error

	LValue  goto 87
	Expr  goto 108
	Call  goto 89
	Constant  goto 83


state 67
	StmtBlock : '{' StmtList '}' .  (24)

	.  reduce 24


state 68
	Stmt : VariableDef .  (27)

	.  reduce 27


state 69
	Stmt : StmtBlock .  (35)

	.  reduce 35


state 70
	StmtList : StmtList Stmt .  (25)

	.  reduce 25


state 71
	Stmt : SimpleStmt . ';'  (28)

	';'  shift 109
	.  error


state 72
	Stmt : IfStmt .  (29)

	.  reduce 29


state 73
	Stmt : WhileStmt .  (30)

	.  reduce 30


state 74
	Stmt : ForStmt .  (31)

	.  reduce 31


state 75
	Stmt : ReturnStmt . ';'  (32)

	';'  shift 110
	.  error


state 76
	Stmt : PrintStmt . ';'  (33)

	';'  shift 111
	.  error


state 77
	Stmt : BreakStmt . ';'  (34)

	';'  shift 112
	.  error


state 78
	Stmt : GuardedIfStmt .  (36)

	.  reduce 36


state 79
	Stmt : GuardedDoStmt .  (37)

	.  reduce 37


state 80
	SimpleStmt : LValue . '=' Expr  (38)
	Expr : LValue .  (46)

	'='  shift 113
	AND  reduce 46
	OR  reduce 46
	LESS_EQUAL  reduce 46
	GREATER_EQUAL  reduce 46
	EQUAL  reduce 46
	NOT_EQUAL  reduce 46
	'+'  reduce 46
	'-'  reduce 46
	'*'  reduce 46
	'/'  reduce 46
	'%'  reduce 46
	'>'  reduce 46
	'<'  reduce 46
	'.'  reduce 46
	'['  reduce 46
	'?'  reduce 46


state 81
	LValue : Expr . '.' IDENTIFIER  (42)
	LValue : Expr . '[' Expr ']'  (43)
	Call : Expr . '.' IDENTIFIER '(' Actuals ')'  (45)
	Expr : Expr . '?' Expr ':' Expr  (49)
	Expr : Expr . '+' Expr  (50)
	Expr : Expr . '-' Expr  (51)
	Expr : Expr . '*' Expr  (52)
	Expr : Expr . '/' Expr  (53)
	Expr : Expr . '%' Expr  (54)
	Expr : Expr . EQUAL Expr  (55)
	Expr : Expr . NOT_EQUAL Expr  (56)
	Expr : Expr . '<' Expr  (57)
	Expr : Expr . '>' Expr  (58)
	Expr : Expr . LESS_EQUAL Expr  (59)
	Expr : Expr . GREATER_EQUAL Expr  (60)
	Expr : Expr . AND Expr  (61)
	Expr : Expr . OR Expr  (62)

	AND  shift 114
	OR  shift 115
	LESS_EQUAL  shift 116
	GREATER_EQUAL  shift 117
	EQUAL  shift 118
	NOT_EQUAL  shift 119
	'+'  shift 120
	'-'  shift 121
	'*'  shift 122
	'/'  shift 123
	'%'  shift 124
	'>'  shift 125
	'<'  shift 126
	'.'  shift 127
	'['  shift 128
	'?'  shift 129
	.  error


state 82
	SimpleStmt : Call .  (39)
	Expr : Call .  (47)

	AND  reduce 47
	OR  reduce 47
	LESS_EQUAL  reduce 47
	GREATER_EQUAL  reduce 47
	EQUAL  reduce 47
	NOT_EQUAL  reduce 47
	'+'  reduce 47
	'-'  reduce 47
	'*'  reduce 47
	'/'  reduce 47
	'%'  reduce 47
	'>'  reduce 47
	'<'  reduce 47
	'.'  reduce 47
	';'  reduce 39
	')'  reduce 39
	'['  reduce 47
	'?'  reduce 47


state 83
	Expr : Constant .  (48)

	.  reduce 48


state 84
	WhileStmt : WHILE '(' . Expr ')' Stmt  (87)

	NULL  shift 46
	THIS  shift 47
	NEW  shift 53
	READ_INTEGER  shift 55
	READ_LINE  shift 56
	LITERAL  shift 57
	IDENTIFIER  shift 58
	INSTANCEOF  shift 59
	SELF_INC  shift 60
	SELF_DEC  shift 61
	NUMINSTANCES  shift 62
	'-'  shift 64
	'!'  shift 65
	'('  shift 66
	.  error

	LValue  goto 87
	Expr  goto 130
	Call  goto 89
	Constant  goto 83


state 85
	ForStmt : FOR '(' . SimpleStmt ';' Expr ';' SimpleStmt ')' Stmt  (88)
	SimpleStmt : .  (40)

	NULL  shift 46
	THIS  shift 47
	NEW  shift 53
	READ_INTEGER  shift 55
	READ_LINE  shift 56
	LITERAL  shift 57
	IDENTIFIER  shift 58
	INSTANCEOF  shift 59
	SELF_INC  shift 60
	SELF_DEC  shift 61
	NUMINSTANCES  shift 62
	'-'  shift 64
	'!'  shift 65
	'('  shift 66
	';'  reduce 40

	SimpleStmt  goto 131
	LValue  goto 80
	Expr  goto 81
	Call  goto 82
	Constant  goto 83


state 86
	Expr : '(' . Expr ')'  (63)
	Expr : '(' . CLASS IDENTIFIER ')' Expr  (79)
	IfStmt : IF '(' . Expr ')' Stmt ElseClause  (90)

	CLASS  shift 107
	NULL  shift 46
	THIS  shift 47
	NEW  shift 53
	READ_INTEGER  shift 55
	READ_LINE  shift 56
	LITERAL  shift 57
	IDENTIFIER  shift 58
	INSTANCEOF  shift 59
	SELF_INC  shift 60
	SELF_DEC  shift 61
	NUMINSTANCES  shift 62
	'-'  shift 64
	'!'  shift 65
	'('  shift 66
	.  error

	LValue  goto 87
	Expr  goto 132
	Call  goto 89
	Constant  goto 83


state 87
	Expr : LValue .  (46)

	.  reduce 46


state 88
	LValue : Expr . '.' IDENTIFIER  (42)
	LValue : Expr . '[' Expr ']'  (43)
	Call : Expr . '.' IDENTIFIER '(' Actuals ')'  (45)
	Expr : Expr . '?' Expr ':' Expr  (49)
	Expr : Expr . '+' Expr  (50)
	Expr : Expr . '-' Expr  (51)
	Expr : Expr . '*' Expr  (52)
	Expr : Expr . '/' Expr  (53)
	Expr : Expr . '%' Expr  (54)
	Expr : Expr . EQUAL Expr  (55)
	Expr : Expr . NOT_EQUAL Expr  (56)
	Expr : Expr . '<' Expr  (57)
	Expr : Expr . '>' Expr  (58)
	Expr : Expr . LESS_EQUAL Expr  (59)
	Expr : Expr . GREATER_EQUAL Expr  (60)
	Expr : Expr . AND Expr  (61)
	Expr : Expr . OR Expr  (62)
	GuardedStmts : Expr . ':' Stmt  (99)

	AND  shift 114
	OR  shift 115
	LESS_EQUAL  shift 116
	GREATER_EQUAL  shift 117
	EQUAL  shift 118
	NOT_EQUAL  shift 119
	'+'  shift 120
	'-'  shift 121
	'*'  shift 122
	'/'  shift 123
	'%'  shift 124
	'>'  shift 125
	'<'  shift 126
	'.'  shift 127
	'['  shift 128
	'?'  shift 129
	':'  shift 133
	.  error


state 89
	Expr : Call .  (47)

	.  reduce 47


state 90
	GuardedIfStmt : IF GuardedStmts . FI  (96)
	GuardedStmts : GuardedStmts . CASESEP Expr ':' Stmt  (98)

	FI  shift 134
	CASESEP  shift 135
	.  error


state 91
	LValue : Expr . '.' IDENTIFIER  (42)
	LValue : Expr . '[' Expr ']'  (43)
	Call : Expr . '.' IDENTIFIER '(' Actuals ')'  (45)
	Expr : Expr . '?' Expr ':' Expr  (49)
	Expr : Expr . '+' Expr  (50)
	Expr : Expr . '-' Expr  (51)
	Expr : Expr . '*' Expr  (52)
	Expr : Expr . '/' Expr  (53)
	Expr : Expr . '%' Expr  (54)
	Expr : Expr . EQUAL Expr  (55)
	Expr : Expr . NOT_EQUAL Expr  (56)
	Expr : Expr . '<' Expr  (57)
	Expr : Expr . '>' Expr  (58)
	Expr : Expr . LESS_EQUAL Expr  (59)
	Expr : Expr . GREATER_EQUAL Expr  (60)
	Expr : Expr . AND Expr  (61)
	Expr : Expr . OR Expr  (62)
	ReturnStmt : RETURN Expr .  (93)

	AND  shift 114
	OR  shift 115
	LESS_EQUAL  shift 116
	GREATER_EQUAL  shift 117
	EQUAL  shift 118
	NOT_EQUAL  shift 119
	'+'  shift 120
	'-'  shift 121
	'*'  shift 122
	'/'  shift 123
	'%'  shift 124
	'>'  shift 125
	'<'  shift 126
	'.'  shift 127
	'['  shift 128
	'?'  shift 129
	';'  reduce 93


state 92
	Expr : NEW IDENTIFIER . '(' ')'  (76)

	'('  shift 136
	.  error


state 93
	Type : Type . '[' ']'  (11)
	Expr : NEW Type . '[' Expr ']'  (77)

	'['  shift 137
	.  error


state 94
	PrintStmt : PRINT '(' . ExprList ')'  (95)

	NULL  shift 46
	THIS  shift 47
	NEW  shift 53
	READ_INTEGER  shift 55
	READ_LINE  shift 56
	LITERAL  shift 57
	IDENTIFIER  shift 58
	INSTANCEOF  shift 59
	SELF_INC  shift 60
	SELF_DEC  shift 61
	NUMINSTANCES  shift 62
	'-'  shift 64
	'!'  shift 65
	'('  shift 66
	.  error

	LValue  goto 87
	Expr  goto 138
	Call  goto 89
	Constant  goto 83
	ExprList  goto 139


state 95
	Expr : READ_INTEGER '(' . ')'  (73)

	')'  shift 140
	.  error


state 96
	Expr : READ_LINE '(' . ')'  (74)

	')'  shift 141
	.  error


state 97
	Call : IDENTIFIER '(' . Actuals ')'  (44)
	Actuals : .  (84)

	NULL  shift 46
	THIS  shift 47
	NEW  shift 53
	READ_INTEGER  shift 55
	READ_LINE  shift 56
	LITERAL  shift 57
	IDENTIFIER  shift 58
	INSTANCEOF  shift 59
	SELF_INC  shift 60
	SELF_DEC  shift 61
	NUMINSTANCES  shift 62
	'-'  shift 64
	'!'  shift 65
	'('  shift 66
	')'  reduce 84

	LValue  goto 87
	Expr  goto 138
	Call  goto 89
	Actuals  goto 142
	Constant  goto 83
	ExprList  goto 143


state 98
	Expr : IDENTIFIER $$1 . SELF_INC  (67)

	SELF_INC  shift 144
	.  error


state 99
	Expr : IDENTIFIER $$2 . SELF_DEC  (70)

	SELF_DEC  shift 145
	.  error


state 100
	Expr : INSTANCEOF '(' . Expr ',' IDENTIFIER ')'  (78)

	NULL  shift 46
	THIS  shift 47
	NEW  shift 53
	READ_INTEGER  shift 55
	READ_LINE  shift 56
	LITERAL  shift 57
	IDENTIFIER  shift 58
	INSTANCEOF  shift 59
	SELF_INC  shift 60
	SELF_DEC  shift 61
	NUMINSTANCES  shift 62
	'-'  shift 64
	'!'  shift 65
	'('  shift 66
	.  error

	LValue  goto 87
	Expr  goto 146
	Call  goto 89
	Constant  goto 83


state 101
	Expr : SELF_INC IDENTIFIER .  (68)

	.  reduce 68


state 102
	Expr : SELF_DEC IDENTIFIER . $$3  (72)
	$$3 : .  (71)

	.  reduce 71

	$$3  goto 147


state 103
	Expr : NUMINSTANCES '(' . IDENTIFIER ')'  (80)

	IDENTIFIER  shift 148
	.  error


state 104
	GuardedDoStmt : DO GuardedStmts . OD  (97)
	GuardedStmts : GuardedStmts . CASESEP Expr ':' Stmt  (98)

	CASESEP  shift 135
	OD  shift 149
	.  error


state 105
	LValue : Expr . '.' IDENTIFIER  (42)
	LValue : Expr . '[' Expr ']'  (43)
	Call : Expr . '.' IDENTIFIER '(' Actuals ')'  (45)
	Expr : Expr . '?' Expr ':' Expr  (49)
	Expr : Expr . '+' Expr  (50)
	Expr : Expr . '-' Expr  (51)
	Expr : Expr . '*' Expr  (52)
	Expr : Expr . '/' Expr  (53)
	Expr : Expr . '%' Expr  (54)
	Expr : Expr . EQUAL Expr  (55)
	Expr : Expr . NOT_EQUAL Expr  (56)
	Expr : Expr . '<' Expr  (57)
	Expr : Expr . '>' Expr  (58)
	Expr : Expr . LESS_EQUAL Expr  (59)
	Expr : Expr . GREATER_EQUAL Expr  (60)
	Expr : Expr . AND Expr  (61)
	Expr : Expr . OR Expr  (62)
	Expr : '-' Expr .  (64)

	'.'  shift 127
	'['  shift 128
	AND  reduce 64
	OR  reduce 64
	LESS_EQUAL  reduce 64
	GREATER_EQUAL  reduce 64
	EQUAL  reduce 64
	NOT_EQUAL  reduce 64
	'+'  reduce 64
	'-'  reduce 64
	'*'  reduce 64
	'/'  reduce 64
	'%'  reduce 64
	'>'  reduce 64
	'<'  reduce 64
	','  reduce 64
	';'  reduce 64
	')'  reduce 64
	']'  reduce 64
	'?'  reduce 64
	':'  reduce 64


state 106
	LValue : Expr . '.' IDENTIFIER  (42)
	LValue : Expr . '[' Expr ']'  (43)
	Call : Expr . '.' IDENTIFIER '(' Actuals ')'  (45)
	Expr : Expr . '?' Expr ':' Expr  (49)
	Expr : Expr . '+' Expr  (50)
	Expr : Expr . '-' Expr  (51)
	Expr : Expr . '*' Expr  (52)
	Expr : Expr . '/' Expr  (53)
	Expr : Expr . '%' Expr  (54)
	Expr : Expr . EQUAL Expr  (55)
	Expr : Expr . NOT_EQUAL Expr  (56)
	Expr : Expr . '<' Expr  (57)
	Expr : Expr . '>' Expr  (58)
	Expr : Expr . LESS_EQUAL Expr  (59)
	Expr : Expr . GREATER_EQUAL Expr  (60)
	Expr : Expr . AND Expr  (61)
	Expr : Expr . OR Expr  (62)
	Expr : '!' Expr .  (65)

	'.'  shift 127
	'['  shift 128
	AND  reduce 65
	OR  reduce 65
	LESS_EQUAL  reduce 65
	GREATER_EQUAL  reduce 65
	EQUAL  reduce 65
	NOT_EQUAL  reduce 65
	'+'  reduce 65
	'-'  reduce 65
	'*'  reduce 65
	'/'  reduce 65
	'%'  reduce 65
	'>'  reduce 65
	'<'  reduce 65
	','  reduce 65
	';'  reduce 65
	')'  reduce 65
	']'  reduce 65
	'?'  reduce 65
	':'  reduce 65


state 107
	Expr : '(' CLASS . IDENTIFIER ')' Expr  (79)

	IDENTIFIER  shift 150
	.  error


state 108
	LValue : Expr . '.' IDENTIFIER  (42)
	LValue : Expr . '[' Expr ']'  (43)
	Call : Expr . '.' IDENTIFIER '(' Actuals ')'  (45)
	Expr : Expr . '?' Expr ':' Expr  (49)
	Expr : Expr . '+' Expr  (50)
	Expr : Expr . '-' Expr  (51)
	Expr : Expr . '*' Expr  (52)
	Expr : Expr . '/' Expr  (53)
	Expr : Expr . '%' Expr  (54)
	Expr : Expr . EQUAL Expr  (55)
	Expr : Expr . NOT_EQUAL Expr  (56)
	Expr : Expr . '<' Expr  (57)
	Expr : Expr . '>' Expr  (58)
	Expr : Expr . LESS_EQUAL Expr  (59)
	Expr : Expr . GREATER_EQUAL Expr  (60)
	Expr : Expr . AND Expr  (61)
	Expr : Expr . OR Expr  (62)
	Expr : '(' Expr . ')'  (63)

	AND  shift 114
	OR  shift 115
	LESS_EQUAL  shift 116
	GREATER_EQUAL  shift 117
	EQUAL  shift 118
	NOT_EQUAL  shift 119
	'+'  shift 120
	'-'  shift 121
	'*'  shift 122
	'/'  shift 123
	'%'  shift 124
	'>'  shift 125
	'<'  shift 126
	'.'  shift 127
	')'  shift 151
	'['  shift 128
	'?'  shift 129
	.  error


state 109
	Stmt : SimpleStmt ';' .  (28)

	.  reduce 28


state 110
	Stmt : ReturnStmt ';' .  (32)

	.  reduce 32


state 111
	Stmt : PrintStmt ';' .  (33)

	.  reduce 33


state 112
	Stmt : BreakStmt ';' .  (34)

	.  reduce 34


state 113
	SimpleStmt : LValue '=' . Expr  (38)

	NULL  shift 46
	THIS  shift 47
	NEW  shift 53
	READ_INTEGER  shift 55
	READ_LINE  shift 56
	LITERAL  shift 57
	IDENTIFIER  shift 58
	INSTANCEOF  shift 59
	SELF_INC  shift 60
	SELF_DEC  shift 61
	NUMINSTANCES  shift 62
	'-'  shift 64
	'!'  shift 65
	'('  shift 66
	.  error

	LValue  goto 87
	Expr  goto 152
	Call  goto 89
	Constant  goto 83


state 114
	Expr : Expr AND . Expr  (61)

	NULL  shift 46
	THIS  shift 47
	NEW  shift 53
	READ_INTEGER  shift 55
	READ_LINE  shift 56
	LITERAL  shift 57
	IDENTIFIER  shift 58
	INSTANCEOF  shift 59
	SELF_INC  shift 60
	SELF_DEC  shift 61
	NUMINSTANCES  shift 62
	'-'  shift 64
	'!'  shift 65
	'('  shift 66
	.  error

	LValue  goto 87
	Expr  goto 153
	Call  goto 89
	Constant  goto 83


state 115
	Expr : Expr OR . Expr  (62)

	NULL  shift 46
	THIS  shift 47
	NEW  shift 53
	READ_INTEGER  shift 55
	READ_LINE  shift 56
	LITERAL  shift 57
	IDENTIFIER  shift 58
	INSTANCEOF  shift 59
	SELF_INC  shift 60
	SELF_DEC  shift 61
	NUMINSTANCES  shift 62
	'-'  shift 64
	'!'  shift 65
	'('  shift 66
	.  error

	LValue  goto 87
	Expr  goto 154
	Call  goto 89
	Constant  goto 83


state 116
	Expr : Expr LESS_EQUAL . Expr  (59)

	NULL  shift 46
	THIS  shift 47
	NEW  shift 53
	READ_INTEGER  shift 55
	READ_LINE  shift 56
	LITERAL  shift 57
	IDENTIFIER  shift 58
	INSTANCEOF  shift 59
	SELF_INC  shift 60
	SELF_DEC  shift 61
	NUMINSTANCES  shift 62
	'-'  shift 64
	'!'  shift 65
	'('  shift 66
	.  error

	LValue  goto 87
	Expr  goto 155
	Call  goto 89
	Constant  goto 83


state 117
	Expr : Expr GREATER_EQUAL . Expr  (60)

	NULL  shift 46
	THIS  shift 47
	NEW  shift 53
	READ_INTEGER  shift 55
	READ_LINE  shift 56
	LITERAL  shift 57
	IDENTIFIER  shift 58
	INSTANCEOF  shift 59
	SELF_INC  shift 60
	SELF_DEC  shift 61
	NUMINSTANCES  shift 62
	'-'  shift 64
	'!'  shift 65
	'('  shift 66
	.  error

	LValue  goto 87
	Expr  goto 156
	Call  goto 89
	Constant  goto 83


state 118
	Expr : Expr EQUAL . Expr  (55)

	NULL  shift 46
	THIS  shift 47
	NEW  shift 53
	READ_INTEGER  shift 55
	READ_LINE  shift 56
	LITERAL  shift 57
	IDENTIFIER  shift 58
	INSTANCEOF  shift 59
	SELF_INC  shift 60
	SELF_DEC  shift 61
	NUMINSTANCES  shift 62
	'-'  shift 64
	'!'  shift 65
	'('  shift 66
	.  error

	LValue  goto 87
	Expr  goto 157
	Call  goto 89
	Constant  goto 83


state 119
	Expr : Expr NOT_EQUAL . Expr  (56)

	NULL  shift 46
	THIS  shift 47
	NEW  shift 53
	READ_INTEGER  shift 55
	READ_LINE  shift 56
	LITERAL  shift 57
	IDENTIFIER  shift 58
	INSTANCEOF  shift 59
	SELF_INC  shift 60
	SELF_DEC  shift 61
	NUMINSTANCES  shift 62
	'-'  shift 64
	'!'  shift 65
	'('  shift 66
	.  error

	LValue  goto 87
	Expr  goto 158
	Call  goto 89
	Constant  goto 83


state 120
	Expr : Expr '+' . Expr  (50)

	NULL  shift 46
	THIS  shift 47
	NEW  shift 53
	READ_INTEGER  shift 55
	READ_LINE  shift 56
	LITERAL  shift 57
	IDENTIFIER  shift 58
	INSTANCEOF  shift 59
	SELF_INC  shift 60
	SELF_DEC  shift 61
	NUMINSTANCES  shift 62
	'-'  shift 64
	'!'  shift 65
	'('  shift 66
	.  error

	LValue  goto 87
	Expr  goto 159
	Call  goto 89
	Constant  goto 83


state 121
	Expr : Expr '-' . Expr  (51)

	NULL  shift 46
	THIS  shift 47
	NEW  shift 53
	READ_INTEGER  shift 55
	READ_LINE  shift 56
	LITERAL  shift 57
	IDENTIFIER  shift 58
	INSTANCEOF  shift 59
	SELF_INC  shift 60
	SELF_DEC  shift 61
	NUMINSTANCES  shift 62
	'-'  shift 64
	'!'  shift 65
	'('  shift 66
	.  error

	LValue  goto 87
	Expr  goto 160
	Call  goto 89
	Constant  goto 83


state 122
	Expr : Expr '*' . Expr  (52)

	NULL  shift 46
	THIS  shift 47
	NEW  shift 53
	READ_INTEGER  shift 55
	READ_LINE  shift 56
	LITERAL  shift 57
	IDENTIFIER  shift 58
	INSTANCEOF  shift 59
	SELF_INC  shift 60
	SELF_DEC  shift 61
	NUMINSTANCES  shift 62
	'-'  shift 64
	'!'  shift 65
	'('  shift 66
	.  error

	LValue  goto 87
	Expr  goto 161
	Call  goto 89
	Constant  goto 83


state 123
	Expr : Expr '/' . Expr  (53)

	NULL  shift 46
	THIS  shift 47
	NEW  shift 53
	READ_INTEGER  shift 55
	READ_LINE  shift 56
	LITERAL  shift 57
	IDENTIFIER  shift 58
	INSTANCEOF  shift 59
	SELF_INC  shift 60
	SELF_DEC  shift 61
	NUMINSTANCES  shift 62
	'-'  shift 64
	'!'  shift 65
	'('  shift 66
	.  error

	LValue  goto 87
	Expr  goto 162
	Call  goto 89
	Constant  goto 83


state 124
	Expr : Expr '%' . Expr  (54)

	NULL  shift 46
	THIS  shift 47
	NEW  shift 53
	READ_INTEGER  shift 55
	READ_LINE  shift 56
	LITERAL  shift 57
	IDENTIFIER  shift 58
	INSTANCEOF  shift 59
	SELF_INC  shift 60
	SELF_DEC  shift 61
	NUMINSTANCES  shift 62
	'-'  shift 64
	'!'  shift 65
	'('  shift 66
	.  error

	LValue  goto 87
	Expr  goto 163
	Call  goto 89
	Constant  goto 83


state 125
	Expr : Expr '>' . Expr  (58)

	NULL  shift 46
	THIS  shift 47
	NEW  shift 53
	READ_INTEGER  shift 55
	READ_LINE  shift 56
	LITERAL  shift 57
	IDENTIFIER  shift 58
	INSTANCEOF  shift 59
	SELF_INC  shift 60
	SELF_DEC  shift 61
	NUMINSTANCES  shift 62
	'-'  shift 64
	'!'  shift 65
	'('  shift 66
	.  error

	LValue  goto 87
	Expr  goto 164
	Call  goto 89
	Constant  goto 83


state 126
	Expr : Expr '<' . Expr  (57)

	NULL  shift 46
	THIS  shift 47
	NEW  shift 53
	READ_INTEGER  shift 55
	READ_LINE  shift 56
	LITERAL  shift 57
	IDENTIFIER  shift 58
	INSTANCEOF  shift 59
	SELF_INC  shift 60
	SELF_DEC  shift 61
	NUMINSTANCES  shift 62
	'-'  shift 64
	'!'  shift 65
	'('  shift 66
	.  error

	LValue  goto 87
	Expr  goto 165
	Call  goto 89
	Constant  goto 83


state 127
	LValue : Expr '.' . IDENTIFIER  (42)
	Call : Expr '.' . IDENTIFIER '(' Actuals ')'  (45)

	IDENTIFIER  shift 166
	.  error


state 128
	LValue : Expr '[' . Expr ']'  (43)

	NULL  shift 46
	THIS  shift 47
	NEW  shift 53
	READ_INTEGER  shift 55
	READ_LINE  shift 56
	LITERAL  shift 57
	IDENTIFIER  shift 58
	INSTANCEOF  shift 59
	SELF_INC  shift 60
	SELF_DEC  shift 61
	NUMINSTANCES  shift 62
	'-'  shift 64
	'!'  shift 65
	'('  shift 66
	.  error

	LValue  goto 87
	Expr  goto 167
	Call  goto 89
	Constant  goto 83


state 129
	Expr : Expr '?' . Expr ':' Expr  (49)

	NULL  shift 46
	THIS  shift 47
	NEW  shift 53
	READ_INTEGER  shift 55
	READ_LINE  shift 56
	LITERAL  shift 57
	IDENTIFIER  shift 58
	INSTANCEOF  shift 59
	SELF_INC  shift 60
	SELF_DEC  shift 61
	NUMINSTANCES  shift 62
	'-'  shift 64
	'!'  shift 65
	'('  shift 66
	.  error

	LValue  goto 87
	Expr  goto 168
	Call  goto 89
	Constant  goto 83


state 130
	LValue : Expr . '.' IDENTIFIER  (42)
	LValue : Expr . '[' Expr ']'  (43)
	Call : Expr . '.' IDENTIFIER '(' Actuals ')'  (45)
	Expr : Expr . '?' Expr ':' Expr  (49)
	Expr : Expr . '+' Expr  (50)
	Expr : Expr . '-' Expr  (51)
	Expr : Expr . '*' Expr  (52)
	Expr : Expr . '/' Expr  (53)
	Expr : Expr . '%' Expr  (54)
	Expr : Expr . EQUAL Expr  (55)
	Expr : Expr . NOT_EQUAL Expr  (56)
	Expr : Expr . '<' Expr  (57)
	Expr : Expr . '>' Expr  (58)
	Expr : Expr . LESS_EQUAL Expr  (59)
	Expr : Expr . GREATER_EQUAL Expr  (60)
	Expr : Expr . AND Expr  (61)
	Expr : Expr . OR Expr  (62)
	WhileStmt : WHILE '(' Expr . ')' Stmt  (87)

	AND  shift 114
	OR  shift 115
	LESS_EQUAL  shift 116
	GREATER_EQUAL  shift 117
	EQUAL  shift 118
	NOT_EQUAL  shift 119
	'+'  shift 120
	'-'  shift 121
	'*'  shift 122
	'/'  shift 123
	'%'  shift 124
	'>'  shift 125
	'<'  shift 126
	'.'  shift 127
	')'  shift 169
	'['  shift 128
	'?'  shift 129
	.  error


state 131
	ForStmt : FOR '(' SimpleStmt . ';' Expr ';' SimpleStmt ')' Stmt  (88)

	';'  shift 170
	.  error


state 132
	LValue : Expr . '.' IDENTIFIER  (42)
	LValue : Expr . '[' Expr ']'  (43)
	Call : Expr . '.' IDENTIFIER '(' Actuals ')'  (45)
	Expr : Expr . '?' Expr ':' Expr  (49)
	Expr : Expr . '+' Expr  (50)
	Expr : Expr . '-' Expr  (51)
	Expr : Expr . '*' Expr  (52)
	Expr : Expr . '/' Expr  (53)
	Expr : Expr . '%' Expr  (54)
	Expr : Expr . EQUAL Expr  (55)
	Expr : Expr . NOT_EQUAL Expr  (56)
	Expr : Expr . '<' Expr  (57)
	Expr : Expr . '>' Expr  (58)
	Expr : Expr . LESS_EQUAL Expr  (59)
	Expr : Expr . GREATER_EQUAL Expr  (60)
	Expr : Expr . AND Expr  (61)
	Expr : Expr . OR Expr  (62)
	Expr : '(' Expr . ')'  (63)
	IfStmt : IF '(' Expr . ')' Stmt ElseClause  (90)

	AND  shift 114
	OR  shift 115
	LESS_EQUAL  shift 116
	GREATER_EQUAL  shift 117
	EQUAL  shift 118
	NOT_EQUAL  shift 119
	'+'  shift 120
	'-'  shift 121
	'*'  shift 122
	'/'  shift 123
	'%'  shift 124
	'>'  shift 125
	'<'  shift 126
	'.'  shift 127
	')'  shift 171
	'['  shift 128
	'?'  shift 129
	.  error


state 133
	GuardedStmts : Expr ':' . Stmt  (99)
	SimpleStmt : .  (40)

	VOID  shift 12
	BOOL  shift 13
	INT  shift 14
	STRING  shift 15
	CLASS  shift 16
	NULL  shift 46
	THIS  shift 47
	WHILE  shift 48
	FOR  shift 49
	IF  shift 50
	RETURN  shift 51
	BREAK  shift 52
	NEW  shift 53
	PRINT  shift 54
	READ_INTEGER  shift 55
	READ_LINE  shift 56
	LITERAL  shift 57
	IDENTIFIER  shift 58
	INSTANCEOF  shift 59
	SELF_INC  shift 60
	SELF_DEC  shift 61
	NUMINSTANCES  shift 62
	DO  shift 63
	'-'  shift 64
	'!'  shift 65
	'('  shift 66
	'{'  shift 41
	';'  reduce 40

	VariableDef  goto 68
	Variable  goto 20
	Type  goto 33
	StmtBlock  goto 69
	Stmt  goto 172
	SimpleStmt  goto 71
	IfStmt  goto 72
	WhileStmt  goto 73
	ForStmt  goto 74
	ReturnStmt  goto 75
	PrintStmt  goto 76
	BreakStmt  goto 77
	GuardedIfStmt  goto 78
	GuardedDoStmt  goto 79
	LValue  goto 80
	Expr  goto 81
	Call  goto 82
	Constant  goto 83


state 134
	GuardedIfStmt : IF GuardedStmts FI .  (96)

	.  reduce 96


state 135
	GuardedStmts : GuardedStmts CASESEP . Expr ':' Stmt  (98)

	NULL  shift 46
	THIS  shift 47
	NEW  shift 53
	READ_INTEGER  shift 55
	READ_LINE  shift 56
	LITERAL  shift 57
	IDENTIFIER  shift 58
	INSTANCEOF  shift 59
	SELF_INC  shift 60
	SELF_DEC  shift 61
	NUMINSTANCES  shift 62
	'-'  shift 64
	'!'  shift 65
	'('  shift 66
	.  error

	LValue  goto 87
	Expr  goto 173
	Call  goto 89
	Constant  goto 83


state 136
	Expr : NEW IDENTIFIER '(' . ')'  (76)

	')'  shift 174
	.  error


state 137
	Type : Type '[' . ']'  (11)
	Expr : NEW Type '[' . Expr ']'  (77)

	NULL  shift 46
	THIS  shift 47
	NEW  shift 53
	READ_INTEGER  shift 55
	READ_LINE  shift 56
	LITERAL  shift 57
	IDENTIFIER  shift 58
	INSTANCEOF  shift 59
	SELF_INC  shift 60
	SELF_DEC  shift 61
	NUMINSTANCES  shift 62
	'-'  shift 64
	'!'  shift 65
	'('  shift 66
	']'  shift 30
	.  error

	LValue  goto 87
	Expr  goto 175
	Call  goto 89
	Constant  goto 83


state 138
	LValue : Expr . '.' IDENTIFIER  (42)
	LValue : Expr . '[' Expr ']'  (43)
	Call : Expr . '.' IDENTIFIER '(' Actuals ')'  (45)
	Expr : Expr . '?' Expr ':' Expr  (49)
	Expr : Expr . '+' Expr  (50)
	Expr : Expr . '-' Expr  (51)
	Expr : Expr . '*' Expr  (52)
	Expr : Expr . '/' Expr  (53)
	Expr : Expr . '%' Expr  (54)
	Expr : Expr . EQUAL Expr  (55)
	Expr : Expr . NOT_EQUAL Expr  (56)
	Expr : Expr . '<' Expr  (57)
	Expr : Expr . '>' Expr  (58)
	Expr : Expr . LESS_EQUAL Expr  (59)
	Expr : Expr . GREATER_EQUAL Expr  (60)
	Expr : Expr . AND Expr  (61)
	Expr : Expr . OR Expr  (62)
	ExprList : Expr .  (86)

	AND  shift 114
	OR  shift 115
	LESS_EQUAL  shift 116
	GREATER_EQUAL  shift 117
	EQUAL  shift 118
	NOT_EQUAL  shift 119
	'+'  shift 120
	'-'  shift 121
	'*'  shift 122
	'/'  shift 123
	'%'  shift 124
	'>'  shift 125
	'<'  shift 126
	'.'  shift 127
	'['  shift 128
	'?'  shift 129
	','  reduce 86
	')'  reduce 86


state 139
	ExprList : ExprList . ',' Expr  (85)
	PrintStmt : PRINT '(' ExprList . ')'  (95)

	','  shift 176
	')'  shift 177
	.  error


state 140
	Expr : READ_INTEGER '(' ')' .  (73)

	.  reduce 73


state 141
	Expr : READ_LINE '(' ')' .  (74)

	.  reduce 74


state 142
	Call : IDENTIFIER '(' Actuals . ')'  (44)

	')'  shift 178
	.  error


state 143
	Actuals : ExprList .  (83)
	ExprList : ExprList . ',' Expr  (85)

	','  shift 176
	')'  reduce 83


state 144
	Expr : IDENTIFIER $$1 SELF_INC .  (67)

	.  reduce 67


state 145
	Expr : IDENTIFIER $$2 SELF_DEC .  (70)

	.  reduce 70


state 146
	LValue : Expr . '.' IDENTIFIER  (42)
	LValue : Expr . '[' Expr ']'  (43)
	Call : Expr . '.' IDENTIFIER '(' Actuals ')'  (45)
	Expr : Expr . '?' Expr ':' Expr  (49)
	Expr : Expr . '+' Expr  (50)
	Expr : Expr . '-' Expr  (51)
	Expr : Expr . '*' Expr  (52)
	Expr : Expr . '/' Expr  (53)
	Expr : Expr . '%' Expr  (54)
	Expr : Expr . EQUAL Expr  (55)
	Expr : Expr . NOT_EQUAL Expr  (56)
	Expr : Expr . '<' Expr  (57)
	Expr : Expr . '>' Expr  (58)
	Expr : Expr . LESS_EQUAL Expr  (59)
	Expr : Expr . GREATER_EQUAL Expr  (60)
	Expr : Expr . AND Expr  (61)
	Expr : Expr . OR Expr  (62)
	Expr : INSTANCEOF '(' Expr . ',' IDENTIFIER ')'  (78)

	AND  shift 114
	OR  shift 115
	LESS_EQUAL  shift 116
	GREATER_EQUAL  shift 117
	EQUAL  shift 118
	NOT_EQUAL  shift 119
	'+'  shift 120
	'-'  shift 121
	'*'  shift 122
	'/'  shift 123
	'%'  shift 124
	'>'  shift 125
	'<'  shift 126
	'.'  shift 127
	','  shift 179
	'['  shift 128
	'?'  shift 129
	.  error


state 147
	Expr : SELF_DEC IDENTIFIER $$3 .  (72)

	.  reduce 72


state 148
	Expr : NUMINSTANCES '(' IDENTIFIER . ')'  (80)

	')'  shift 180
	.  error


state 149
	GuardedDoStmt : DO GuardedStmts OD .  (97)

	.  reduce 97


state 150
	Expr : '(' CLASS IDENTIFIER . ')' Expr  (79)

	')'  shift 181
	.  error


state 151
	Expr : '(' Expr ')' .  (63)

	.  reduce 63


state 152
	SimpleStmt : LValue '=' Expr .  (38)
	LValue : Expr . '.' IDENTIFIER  (42)
	LValue : Expr . '[' Expr ']'  (43)
	Call : Expr . '.' IDENTIFIER '(' Actuals ')'  (45)
	Expr : Expr . '?' Expr ':' Expr  (49)
	Expr : Expr . '+' Expr  (50)
	Expr : Expr . '-' Expr  (51)
	Expr : Expr . '*' Expr  (52)
	Expr : Expr . '/' Expr  (53)
	Expr : Expr . '%' Expr  (54)
	Expr : Expr . EQUAL Expr  (55)
	Expr : Expr . NOT_EQUAL Expr  (56)
	Expr : Expr . '<' Expr  (57)
	Expr : Expr . '>' Expr  (58)
	Expr : Expr . LESS_EQUAL Expr  (59)
	Expr : Expr . GREATER_EQUAL Expr  (60)
	Expr : Expr . AND Expr  (61)
	Expr : Expr . OR Expr  (62)

	AND  shift 114
	OR  shift 115
	LESS_EQUAL  shift 116
	GREATER_EQUAL  shift 117
	EQUAL  shift 118
	NOT_EQUAL  shift 119
	'+'  shift 120
	'-'  shift 121
	'*'  shift 122
	'/'  shift 123
	'%'  shift 124
	'>'  shift 125
	'<'  shift 126
	'.'  shift 127
	'['  shift 128
	'?'  shift 129
	';'  reduce 38
	')'  reduce 38


state 153
	LValue : Expr . '.' IDENTIFIER  (42)
	LValue : Expr . '[' Expr ']'  (43)
	Call : Expr . '.' IDENTIFIER '(' Actuals ')'  (45)
	Expr : Expr . '?' Expr ':' Expr  (49)
	Expr : Expr . '+' Expr  (50)
	Expr : Expr . '-' Expr  (51)
	Expr : Expr . '*' Expr  (52)
	Expr : Expr . '/' Expr  (53)
	Expr : Expr . '%' Expr  (54)
	Expr : Expr . EQUAL Expr  (55)
	Expr : Expr . NOT_EQUAL Expr  (56)
	Expr : Expr . '<' Expr  (57)
	Expr : Expr . '>' Expr  (58)
	Expr : Expr . LESS_EQUAL Expr  (59)
	Expr : Expr . GREATER_EQUAL Expr  (60)
	Expr : Expr . AND Expr  (61)
	Expr : Expr AND Expr .  (61)
	Expr : Expr . OR Expr  (62)

	LESS_EQUAL  shift 116
	GREATER_EQUAL  shift 117
	EQUAL  shift 118
	NOT_EQUAL  shift 119
	'+'  shift 120
	'-'  shift 121
	'*'  shift 122
	'/'  shift 123
	'%'  shift 124
	'>'  shift 125
	'<'  shift 126
	'.'  shift 127
	'['  shift 128
	AND  reduce 61
	OR  reduce 61
	','  reduce 61
	';'  reduce 61
	')'  reduce 61
	']'  reduce 61
	'?'  reduce 61
	':'  reduce 61


state 154
	LValue : Expr . '.' IDENTIFIER  (42)
	LValue : Expr . '[' Expr ']'  (43)
	Call : Expr . '.' IDENTIFIER '(' Actuals ')'  (45)
	Expr : Expr . '?' Expr ':' Expr  (49)
	Expr : Expr . '+' Expr  (50)
	Expr : Expr . '-' Expr  (51)
	Expr : Expr . '*' Expr  (52)
	Expr : Expr . '/' Expr  (53)
	Expr : Expr . '%' Expr  (54)
	Expr : Expr . EQUAL Expr  (55)
	Expr : Expr . NOT_EQUAL Expr  (56)
	Expr : Expr . '<' Expr  (57)
	Expr : Expr . '>' Expr  (58)
	Expr : Expr . LESS_EQUAL Expr  (59)
	Expr : Expr . GREATER_EQUAL Expr  (60)
	Expr : Expr . AND Expr  (61)
	Expr : Expr . OR Expr  (62)
	Expr : Expr OR Expr .  (62)

	AND  shift 114
	LESS_EQUAL  shift 116
	GREATER_EQUAL  shift 117
	EQUAL  shift 118
	NOT_EQUAL  shift 119
	'+'  shift 120
	'-'  shift 121
	'*'  shift 122
	'/'  shift 123
	'%'  shift 124
	'>'  shift 125
	'<'  shift 126
	'.'  shift 127
	'['  shift 128
	OR  reduce 62
	','  reduce 62
	';'  reduce 62
	')'  reduce 62
	']'  reduce 62
	'?'  reduce 62
	':'  reduce 62


state 155
	LValue : Expr . '.' IDENTIFIER  (42)
	LValue : Expr . '[' Expr ']'  (43)
	Call : Expr . '.' IDENTIFIER '(' Actuals ')'  (45)
	Expr : Expr . '?' Expr ':' Expr  (49)
	Expr : Expr . '+' Expr  (50)
	Expr : Expr . '-' Expr  (51)
	Expr : Expr . '*' Expr  (52)
	Expr : Expr . '/' Expr  (53)
	Expr : Expr . '%' Expr  (54)
	Expr : Expr . EQUAL Expr  (55)
	Expr : Expr . NOT_EQUAL Expr  (56)
	Expr : Expr . '<' Expr  (57)
	Expr : Expr . '>' Expr  (58)
	Expr : Expr . LESS_EQUAL Expr  (59)
	Expr : Expr LESS_EQUAL Expr .  (59)
	Expr : Expr . GREATER_EQUAL Expr  (60)
	Expr : Expr . AND Expr  (61)
	Expr : Expr . OR Expr  (62)

	'+'  shift 120
	'-'  shift 121
	'*'  shift 122
	'/'  shift 123
	'%'  shift 124
	'.'  shift 127
	'['  shift 128
	AND  reduce 59
	OR  reduce 59
	EQUAL  reduce 59
	NOT_EQUAL  reduce 59
	','  reduce 59
	';'  reduce 59
	')'  reduce 59
	']'  reduce 59
	'?'  reduce 59
	':'  reduce 59


state 156
	LValue : Expr . '.' IDENTIFIER  (42)
	LValue : Expr . '[' Expr ']'  (43)
	Call : Expr . '.' IDENTIFIER '(' Actuals ')'  (45)
	Expr : Expr . '?' Expr ':' Expr  (49)
	Expr : Expr . '+' Expr  (50)
	Expr : Expr . '-' Expr  (51)
	Expr : Expr . '*' Expr  (52)
	Expr : Expr . '/' Expr  (53)
	Expr : Expr . '%' Expr  (54)
	Expr : Expr . EQUAL Expr  (55)
	Expr : Expr . NOT_EQUAL Expr  (56)
	Expr : Expr . '<' Expr  (57)
	Expr : Expr . '>' Expr  (58)
	Expr : Expr . LESS_EQUAL Expr  (59)
	Expr : Expr . GREATER_EQUAL Expr  (60)
	Expr : Expr GREATER_EQUAL Expr .  (60)
	Expr : Expr . AND Expr  (61)
	Expr : Expr . OR Expr  (62)

	'+'  shift 120
	'-'  shift 121
	'*'  shift 122
	'/'  shift 123
	'%'  shift 124
	'.'  shift 127
	'['  shift 128
	AND  reduce 60
	OR  reduce 60
	EQUAL  reduce 60
	NOT_EQUAL  reduce 60
	','  reduce 60
	';'  reduce 60
	')'  reduce 60
	']'  reduce 60
	'?'  reduce 60
	':'  reduce 60


state 157
	LValue : Expr . '.' IDENTIFIER  (42)
	LValue : Expr . '[' Expr ']'  (43)
	Call : Expr . '.' IDENTIFIER '(' Actuals ')'  (45)
	Expr : Expr . '?' Expr ':' Expr  (49)
	Expr : Expr . '+' Expr  (50)
	Expr : Expr . '-' Expr  (51)
	Expr : Expr . '*' Expr  (52)
	Expr : Expr . '/' Expr  (53)
	Expr : Expr . '%' Expr  (54)
	Expr : Expr . EQUAL Expr  (55)
	Expr : Expr EQUAL Expr .  (55)
	Expr : Expr . NOT_EQUAL Expr  (56)
	Expr : Expr . '<' Expr  (57)
	Expr : Expr . '>' Expr  (58)
	Expr : Expr . LESS_EQUAL Expr  (59)
	Expr : Expr . GREATER_EQUAL Expr  (60)
	Expr : Expr . AND Expr  (61)
	Expr : Expr . OR Expr  (62)

	LESS_EQUAL  shift 116
	GREATER_EQUAL  shift 117
	'+'  shift 120
	'-'  shift 121
	'*'  shift 122
	'/'  shift 123
	'%'  shift 124
	'>'  shift 125
	'<'  shift 126
	'.'  shift 127
	'['  shift 128
	AND  reduce 55
	OR  reduce 55
	','  reduce 55
	';'  reduce 55
	')'  reduce 55
	']'  reduce 55
	'?'  reduce 55
	':'  reduce 55


state 158
	LValue : Expr . '.' IDENTIFIER  (42)
	LValue : Expr . '[' Expr ']'  (43)
	Call : Expr . '.' IDENTIFIER '(' Actuals ')'  (45)
	Expr : Expr . '?' Expr ':' Expr  (49)
	Expr : Expr . '+' Expr  (50)
	Expr : Expr . '-' Expr  (51)
	Expr : Expr . '*' Expr  (52)
	Expr : Expr . '/' Expr  (53)
	Expr : Expr . '%' Expr  (54)
	Expr : Expr . EQUAL Expr  (55)
	Expr : Expr . NOT_EQUAL Expr  (56)
	Expr : Expr NOT_EQUAL Expr .  (56)
	Expr : Expr . '<' Expr  (57)
	Expr : Expr . '>' Expr  (58)
	Expr : Expr . LESS_EQUAL Expr  (59)
	Expr : Expr . GREATER_EQUAL Expr  (60)
	Expr : Expr . AND Expr  (61)
	Expr : Expr . OR Expr  (62)

	LESS_EQUAL  shift 116
	GREATER_EQUAL  shift 117
	'+'  shift 120
	'-'  shift 121
	'*'  shift 122
	'/'  shift 123
	'%'  shift 124
	'>'  shift 125
	'<'  shift 126
	'.'  shift 127
	'['  shift 128
	AND  reduce 56
	OR  reduce 56
	','  reduce 56
	';'  reduce 56
	')'  reduce 56
	']'  reduce 56
	'?'  reduce 56
	':'  reduce 56


state 159
	LValue : Expr . '.' IDENTIFIER  (42)
	LValue : Expr . '[' Expr ']'  (43)
	Call : Expr . '.' IDENTIFIER '(' Actuals ')'  (45)
	Expr : Expr . '?' Expr ':' Expr  (49)
	Expr : Expr . '+' Expr  (50)
	Expr : Expr '+' Expr .  (50)
	Expr : Expr . '-' Expr  (51)
	Expr : Expr . '*' Expr  (52)
	Expr : Expr . '/' Expr  (53)
	Expr : Expr . '%' Expr  (54)
	Expr : Expr . EQUAL Expr  (55)
	Expr : Expr . NOT_EQUAL Expr  (56)
	Expr : Expr . '<' Expr  (57)
	Expr : Expr . '>' Expr  (58)
	Expr : Expr . LESS_EQUAL Expr  (59)
	Expr : Expr . GREATER_EQUAL Expr  (60)
	Expr : Expr . AND Expr  (61)
	Expr : Expr . OR Expr  (62)

	'*'  shift 122
	'/'  shift 123
	'%'  shift 124
	'.'  shift 127
	'['  shift 128
	AND  reduce 50
	OR  reduce 50
	LESS_EQUAL  reduce 50
	GREATER_EQUAL  reduce 50
	EQUAL  reduce 50
	NOT_EQUAL  reduce 50
	'+'  reduce 50
	'-'  reduce 50
	'>'  reduce 50
	'<'  reduce 50
	','  reduce 50
	';'  reduce 50
	')'  reduce 50
	']'  reduce 50
	'?'  reduce 50
	':'  reduce 50


state 160
	LValue : Expr . '.' IDENTIFIER  (42)
	LValue : Expr . '[' Expr ']'  (43)
	Call : Expr . '.' IDENTIFIER '(' Actuals ')'  (45)
	Expr : Expr . '?' Expr ':' Expr  (49)
	Expr : Expr . '+' Expr  (50)
	Expr : Expr . '-' Expr  (51)
	Expr : Expr '-' Expr .  (51)
	Expr : Expr . '*' Expr  (52)
	Expr : Expr . '/' Expr  (53)
	Expr : Expr . '%' Expr  (54)
	Expr : Expr . EQUAL Expr  (55)
	Expr : Expr . NOT_EQUAL Expr  (56)
	Expr : Expr . '<' Expr  (57)
	Expr : Expr . '>' Expr  (58)
	Expr : Expr . LESS_EQUAL Expr  (59)
	Expr : Expr . GREATER_EQUAL Expr  (60)
	Expr : Expr . AND Expr  (61)
	Expr : Expr . OR Expr  (62)

	'*'  shift 122
	'/'  shift 123
	'%'  shift 124
	'.'  shift 127
	'['  shift 128
	AND  reduce 51
	OR  reduce 51
	LESS_EQUAL  reduce 51
	GREATER_EQUAL  reduce 51
	EQUAL  reduce 51
	NOT_EQUAL  reduce 51
	'+'  reduce 51
	'-'  reduce 51
	'>'  reduce 51
	'<'  reduce 51
	','  reduce 51
	';'  reduce 51
	')'  reduce 51
	']'  reduce 51
	'?'  reduce 51
	':'  reduce 51


state 161
	LValue : Expr . '.' IDENTIFIER  (42)
	LValue : Expr . '[' Expr ']'  (43)
	Call : Expr . '.' IDENTIFIER '(' Actuals ')'  (45)
	Expr : Expr . '?' Expr ':' Expr  (49)
	Expr : Expr . '+' Expr  (50)
	Expr : Expr . '-' Expr  (51)
	Expr : Expr . '*' Expr  (52)
	Expr : Expr '*' Expr .  (52)
	Expr : Expr . '/' Expr  (53)
	Expr : Expr . '%' Expr  (54)
	Expr : Expr . EQUAL Expr  (55)
	Expr : Expr . NOT_EQUAL Expr  (56)
	Expr : Expr . '<' Expr  (57)
	Expr : Expr . '>' Expr  (58)
	Expr : Expr . LESS_EQUAL Expr  (59)
	Expr : Expr . GREATER_EQUAL Expr  (60)
	Expr : Expr . AND Expr  (61)
	Expr : Expr . OR Expr  (62)

	'.'  shift 127
	'['  shift 128
	AND  reduce 52
	OR  reduce 52
	LESS_EQUAL  reduce 52
	GREATER_EQUAL  reduce 52
	EQUAL  reduce 52
	NOT_EQUAL  reduce 52
	'+'  reduce 52
	'-'  reduce 52
	'*'  reduce 52
	'/'  reduce 52
	'%'  reduce 52
	'>'  reduce 52
	'<'  reduce 52
	','  reduce 52
	';'  reduce 52
	')'  reduce 52
	']'  reduce 52
	'?'  reduce 52
	':'  reduce 52


state 162
	LValue : Expr . '.' IDENTIFIER  (42)
	LValue : Expr . '[' Expr ']'  (43)
	Call : Expr . '.' IDENTIFIER '(' Actuals ')'  (45)
	Expr : Expr . '?' Expr ':' Expr  (49)
	Expr : Expr . '+' Expr  (50)
	Expr : Expr . '-' Expr  (51)
	Expr : Expr . '*' Expr  (52)
	Expr : Expr . '/' Expr  (53)
	Expr : Expr '/' Expr .  (53)
	Expr : Expr . '%' Expr  (54)
	Expr : Expr . EQUAL Expr  (55)
	Expr : Expr . NOT_EQUAL Expr  (56)
	Expr : Expr . '<' Expr  (57)
	Expr : Expr . '>' Expr  (58)
	Expr : Expr . LESS_EQUAL Expr  (59)
	Expr : Expr . GREATER_EQUAL Expr  (60)
	Expr : Expr . AND Expr  (61)
	Expr : Expr . OR Expr  (62)

	'.'  shift 127
	'['  shift 128
	AND  reduce 53
	OR  reduce 53
	LESS_EQUAL  reduce 53
	GREATER_EQUAL  reduce 53
	EQUAL  reduce 53
	NOT_EQUAL  reduce 53
	'+'  reduce 53
	'-'  reduce 53
	'*'  reduce 53
	'/'  reduce 53
	'%'  reduce 53
	'>'  reduce 53
	'<'  reduce 53
	','  reduce 53
	';'  reduce 53
	')'  reduce 53
	']'  reduce 53
	'?'  reduce 53
	':'  reduce 53


state 163
	LValue : Expr . '.' IDENTIFIER  (42)
	LValue : Expr . '[' Expr ']'  (43)
	Call : Expr . '.' IDENTIFIER '(' Actuals ')'  (45)
	Expr : Expr . '?' Expr ':' Expr  (49)
	Expr : Expr . '+' Expr  (50)
	Expr : Expr . '-' Expr  (51)
	Expr : Expr . '*' Expr  (52)
	Expr : Expr . '/' Expr  (53)
	Expr : Expr . '%' Expr  (54)
	Expr : Expr '%' Expr .  (54)
	Expr : Expr . EQUAL Expr  (55)
	Expr : Expr . NOT_EQUAL Expr  (56)
	Expr : Expr . '<' Expr  (57)
	Expr : Expr . '>' Expr  (58)
	Expr : Expr . LESS_EQUAL Expr  (59)
	Expr : Expr . GREATER_EQUAL Expr  (60)
	Expr : Expr . AND Expr  (61)
	Expr : Expr . OR Expr  (62)

	'.'  shift 127
	'['  shift 128
	AND  reduce 54
	OR  reduce 54
	LESS_EQUAL  reduce 54
	GREATER_EQUAL  reduce 54
	EQUAL  reduce 54
	NOT_EQUAL  reduce 54
	'+'  reduce 54
	'-'  reduce 54
	'*'  reduce 54
	'/'  reduce 54
	'%'  reduce 54
	'>'  reduce 54
	'<'  reduce 54
	','  reduce 54
	';'  reduce 54
	')'  reduce 54
	']'  reduce 54
	'?'  reduce 54
	':'  reduce 54


state 164
	LValue : Expr . '.' IDENTIFIER  (42)
	LValue : Expr . '[' Expr ']'  (43)
	Call : Expr . '.' IDENTIFIER '(' Actuals ')'  (45)
	Expr : Expr . '?' Expr ':' Expr  (49)
	Expr : Expr . '+' Expr  (50)
	Expr : Expr . '-' Expr  (51)
	Expr : Expr . '*' Expr  (52)
	Expr : Expr . '/' Expr  (53)
	Expr : Expr . '%' Expr  (54)
	Expr : Expr . EQUAL Expr  (55)
	Expr : Expr . NOT_EQUAL Expr  (56)
	Expr : Expr . '<' Expr  (57)
	Expr : Expr . '>' Expr  (58)
	Expr : Expr '>' Expr .  (58)
	Expr : Expr . LESS_EQUAL Expr  (59)
	Expr : Expr . GREATER_EQUAL Expr  (60)
	Expr : Expr . AND Expr  (61)
	Expr : Expr . OR Expr  (62)

	'+'  shift 120
	'-'  shift 121
	'*'  shift 122
	'/'  shift 123
	'%'  shift 124
	'.'  shift 127
	'['  shift 128
	AND  reduce 58
	OR  reduce 58
	EQUAL  reduce 58
	NOT_EQUAL  reduce 58
	','  reduce 58
	';'  reduce 58
	')'  reduce 58
	']'  reduce 58
	'?'  reduce 58
	':'  reduce 58


state 165
	LValue : Expr . '.' IDENTIFIER  (42)
	LValue : Expr . '[' Expr ']'  (43)
	Call : Expr . '.' IDENTIFIER '(' Actuals ')'  (45)
	Expr : Expr . '?' Expr ':' Expr  (49)
	Expr : Expr . '+' Expr  (50)
	Expr : Expr . '-' Expr  (51)
	Expr : Expr . '*' Expr  (52)
	Expr : Expr . '/' Expr  (53)
	Expr : Expr . '%' Expr  (54)
	Expr : Expr . EQUAL Expr  (55)
	Expr : Expr . NOT_EQUAL Expr  (56)
	Expr : Expr . '<' Expr  (57)
	Expr : Expr '<' Expr .  (57)
	Expr : Expr . '>' Expr  (58)
	Expr : Expr . LESS_EQUAL Expr  (59)
	Expr : Expr . GREATER_EQUAL Expr  (60)
	Expr : Expr . AND Expr  (61)
	Expr : Expr . OR Expr  (62)

	'+'  shift 120
	'-'  shift 121
	'*'  shift 122
	'/'  shift 123
	'%'  shift 124
	'.'  shift 127
	'['  shift 128
	AND  reduce 57
	OR  reduce 57
	EQUAL  reduce 57
	NOT_EQUAL  reduce 57
	','  reduce 57
	';'  reduce 57
	')'  reduce 57
	']'  reduce 57
	'?'  reduce 57
	':'  reduce 57


state 166
	LValue : Expr '.' IDENTIFIER .  (42)
	Call : Expr '.' IDENTIFIER . '(' Actuals ')'  (45)

	'('  shift 182
	AND  reduce 42
	OR  reduce 42
	LESS_EQUAL  reduce 42
	GREATER_EQUAL  reduce 42
	EQUAL  reduce 42
	NOT_EQUAL  reduce 42
	'+'  reduce 42
	'-'  reduce 42
	'*'  reduce 42
	'/'  reduce 42
	'%'  reduce 42
	'='  reduce 42
	'>'  reduce 42
	'<'  reduce 42
	'.'  reduce 42
	','  reduce 42
	';'  reduce 42
	')'  reduce 42
	'['  reduce 42
	']'  reduce 42
	'?'  reduce 42
	':'  reduce 42


state 167
	LValue : Expr . '.' IDENTIFIER  (42)
	LValue : Expr . '[' Expr ']'  (43)
	LValue : Expr '[' Expr . ']'  (43)
	Call : Expr . '.' IDENTIFIER '(' Actuals ')'  (45)
	Expr : Expr . '?' Expr ':' Expr  (49)
	Expr : Expr . '+' Expr  (50)
	Expr : Expr . '-' Expr  (51)
	Expr : Expr . '*' Expr  (52)
	Expr : Expr . '/' Expr  (53)
	Expr : Expr . '%' Expr  (54)
	Expr : Expr . EQUAL Expr  (55)
	Expr : Expr . NOT_EQUAL Expr  (56)
	Expr : Expr . '<' Expr  (57)
	Expr : Expr . '>' Expr  (58)
	Expr : Expr . LESS_EQUAL Expr  (59)
	Expr : Expr . GREATER_EQUAL Expr  (60)
	Expr : Expr . AND Expr  (61)
	Expr : Expr . OR Expr  (62)

	AND  shift 114
	OR  shift 115
	LESS_EQUAL  shift 116
	GREATER_EQUAL  shift 117
	EQUAL  shift 118
	NOT_EQUAL  shift 119
	'+'  shift 120
	'-'  shift 121
	'*'  shift 122
	'/'  shift 123
	'%'  shift 124
	'>'  shift 125
	'<'  shift 126
	'.'  shift 127
	'['  shift 128
	']'  shift 183
	'?'  shift 129
	.  error


state 168
	LValue : Expr . '.' IDENTIFIER  (42)
	LValue : Expr . '[' Expr ']'  (43)
	Call : Expr . '.' IDENTIFIER '(' Actuals ')'  (45)
	Expr : Expr . '?' Expr ':' Expr  (49)
	Expr : Expr '?' Expr . ':' Expr  (49)
	Expr : Expr . '+' Expr  (50)
	Expr : Expr . '-' Expr  (51)
	Expr : Expr . '*' Expr  (52)
	Expr : Expr . '/' Expr  (53)
	Expr : Expr . '%' Expr  (54)
	Expr : Expr . EQUAL Expr  (55)
	Expr : Expr . NOT_EQUAL Expr  (56)
	Expr : Expr . '<' Expr  (57)
	Expr : Expr . '>' Expr  (58)
	Expr : Expr . LESS_EQUAL Expr  (59)
	Expr : Expr . GREATER_EQUAL Expr  (60)
	Expr : Expr . AND Expr  (61)
	Expr : Expr . OR Expr  (62)

	AND  shift 114
	OR  shift 115
	LESS_EQUAL  shift 116
	GREATER_EQUAL  shift 117
	EQUAL  shift 118
	NOT_EQUAL  shift 119
	'+'  shift 120
	'-'  shift 121
	'*'  shift 122
	'/'  shift 123
	'%'  shift 124
	'>'  shift 125
	'<'  shift 126
	'.'  shift 127
	'['  shift 128
	'?'  shift 129
	':'  shift 184
	.  error


state 169
	WhileStmt : WHILE '(' Expr ')' . Stmt  (87)
	SimpleStmt : .  (40)

	VOID  shift 12
	BOOL  shift 13
	INT  shift 14
	STRING  shift 15
	CLASS  shift 16
	NULL  shift 46
	THIS  shift 47
	WHILE  shift 48
	FOR  shift 49
	IF  shift 50
	RETURN  shift 51
	BREAK  shift 52
	NEW  shift 53
	PRINT  shift 54
	READ_INTEGER  shift 55
	READ_LINE  shift 56
	LITERAL  shift 57
	IDENTIFIER  shift 58
	INSTANCEOF  shift 59
	SELF_INC  shift 60
	SELF_DEC  shift 61
	NUMINSTANCES  shift 62
	DO  shift 63
	'-'  shift 64
	'!'  shift 65
	'('  shift 66
	'{'  shift 41
	';'  reduce 40

	VariableDef  goto 68
	Variable  goto 20
	Type  goto 33
	StmtBlock  goto 69
	Stmt  goto 185
	SimpleStmt  goto 71
	IfStmt  goto 72
	WhileStmt  goto 73
	ForStmt  goto 74
	ReturnStmt  goto 75
	PrintStmt  goto 76
	BreakStmt  goto 77
	GuardedIfStmt  goto 78
	GuardedDoStmt  goto 79
	LValue  goto 80
	Expr  goto 81
	Call  goto 82
	Constant  goto 83


state 170
	ForStmt : FOR '(' SimpleStmt ';' . Expr ';' SimpleStmt ')' Stmt  (88)

	NULL  shift 46
	THIS  shift 47
	NEW  shift 53
	READ_INTEGER  shift 55
	READ_LINE  shift 56
	LITERAL  shift 57
	IDENTIFIER  shift 58
	INSTANCEOF  shift 59
	SELF_INC  shift 60
	SELF_DEC  shift 61
	NUMINSTANCES  shift 62
	'-'  shift 64
	'!'  shift 65
	'('  shift 66
	.  error

	LValue  goto 87
	Expr  goto 186
	Call  goto 89
	Constant  goto 83


state 171
	Expr : '(' Expr ')' .  (63)
	IfStmt : IF '(' Expr ')' . Stmt ElseClause  (90)
	SimpleStmt : .  (40)

	VOID  shift 12
	BOOL  shift 13
	INT  shift 14
	STRING  shift 15
	CLASS  shift 16
	NULL  shift 46
	THIS  shift 47
	WHILE  shift 48
	FOR  shift 49
	IF  shift 50
	RETURN  shift 51
	BREAK  shift 52
	NEW  shift 53
	PRINT  shift 54
	READ_INTEGER  shift 55
	READ_LINE  shift 56
	LITERAL  shift 57
	IDENTIFIER  shift 58
	INSTANCEOF  shift 59
	SELF_INC  shift 60
	SELF_DEC  shift 61
	NUMINSTANCES  shift 62
	DO  shift 63
	'!'  shift 65
	'('  shift 66
	'{'  shift 41
	AND  reduce 63
	OR  reduce 63
	LESS_EQUAL  reduce 63
	GREATER_EQUAL  reduce 63
	EQUAL  reduce 63
	NOT_EQUAL  reduce 63
	'+'  reduce 63
	'-'  reduce 63
	'*'  reduce 63
	'/'  reduce 63
	'%'  reduce 63
	'>'  reduce 63
	'<'  reduce 63
	'.'  reduce 63
	';'  reduce 40
	'['  reduce 63
	'?'  reduce 63
	':'  reduce 63

	VariableDef  goto 68
	Variable  goto 20
	Type  goto 33
	StmtBlock  goto 69
	Stmt  goto 187
	SimpleStmt  goto 71
	IfStmt  goto 72
	WhileStmt  goto 73
	ForStmt  goto 74
	ReturnStmt  goto 75
	PrintStmt  goto 76
	BreakStmt  goto 77
	GuardedIfStmt  goto 78
	GuardedDoStmt  goto 79
	LValue  goto 80
	Expr  goto 81
	Call  goto 82
	Constant  goto 83


state 172
	GuardedStmts : Expr ':' Stmt .  (99)

	.  reduce 99


state 173
	LValue : Expr . '.' IDENTIFIER  (42)
	LValue : Expr . '[' Expr ']'  (43)
	Call : Expr . '.' IDENTIFIER '(' Actuals ')'  (45)
	Expr : Expr . '?' Expr ':' Expr  (49)
	Expr : Expr . '+' Expr  (50)
	Expr : Expr . '-' Expr  (51)
	Expr : Expr . '*' Expr  (52)
	Expr : Expr . '/' Expr  (53)
	Expr : Expr . '%' Expr  (54)
	Expr : Expr . EQUAL Expr  (55)
	Expr : Expr . NOT_EQUAL Expr  (56)
	Expr : Expr . '<' Expr  (57)
	Expr : Expr . '>' Expr  (58)
	Expr : Expr . LESS_EQUAL Expr  (59)
	Expr : Expr . GREATER_EQUAL Expr  (60)
	Expr : Expr . AND Expr  (61)
	Expr : Expr . OR Expr  (62)
	GuardedStmts : GuardedStmts CASESEP Expr . ':' Stmt  (98)

	AND  shift 114
	OR  shift 115
	LESS_EQUAL  shift 116
	GREATER_EQUAL  shift 117
	EQUAL  shift 118
	NOT_EQUAL  shift 119
	'+'  shift 120
	'-'  shift 121
	'*'  shift 122
	'/'  shift 123
	'%'  shift 124
	'>'  shift 125
	'<'  shift 126
	'.'  shift 127
	'['  shift 128
	'?'  shift 129
	':'  shift 188
	.  error


state 174
	Expr : NEW IDENTIFIER '(' ')' .  (76)

	.  reduce 76


state 175
	LValue : Expr . '.' IDENTIFIER  (42)
	LValue : Expr . '[' Expr ']'  (43)
	Call : Expr . '.' IDENTIFIER '(' Actuals ')'  (45)
	Expr : Expr . '?' Expr ':' Expr  (49)
	Expr : Expr . '+' Expr  (50)
	Expr : Expr . '-' Expr  (51)
	Expr : Expr . '*' Expr  (52)
	Expr : Expr . '/' Expr  (53)
	Expr : Expr . '%' Expr  (54)
	Expr : Expr . EQUAL Expr  (55)
	Expr : Expr . NOT_EQUAL Expr  (56)
	Expr : Expr . '<' Expr  (57)
	Expr : Expr . '>' Expr  (58)
	Expr : Expr . LESS_EQUAL Expr  (59)
	Expr : Expr . GREATER_EQUAL Expr  (60)
	Expr : Expr . AND Expr  (61)
	Expr : Expr . OR Expr  (62)
	Expr : NEW Type '[' Expr . ']'  (77)

	AND  shift 114
	OR  shift 115
	LESS_EQUAL  shift 116
	GREATER_EQUAL  shift 117
	EQUAL  shift 118
	NOT_EQUAL  shift 119
	'+'  shift 120
	'-'  shift 121
	'*'  shift 122
	'/'  shift 123
	'%'  shift 124
	'>'  shift 125
	'<'  shift 126
	'.'  shift 127
	'['  shift 128
	']'  shift 189
	'?'  shift 129
	.  error


state 176
	ExprList : ExprList ',' . Expr  (85)

	NULL  shift 46
	THIS  shift 47
	NEW  shift 53
	READ_INTEGER  shift 55
	READ_LINE  shift 56
	LITERAL  shift 57
	IDENTIFIER  shift 58
	INSTANCEOF  shift 59
	SELF_INC  shift 60
	SELF_DEC  shift 61
	NUMINSTANCES  shift 62
	'-'  shift 64
	'!'  shift 65
	'('  shift 66
	.  error

	LValue  goto 87
	Expr  goto 190
	Call  goto 89
	Constant  goto 83


state 177
	PrintStmt : PRINT '(' ExprList ')' .  (95)

	.  reduce 95


state 178
	Call : IDENTIFIER '(' Actuals ')' .  (44)

	.  reduce 44


state 179
	Expr : INSTANCEOF '(' Expr ',' . IDENTIFIER ')'  (78)

	IDENTIFIER  shift 191
	.  error


state 180
	Expr : NUMINSTANCES '(' IDENTIFIER ')' .  (80)

	.  reduce 80


state 181
	Expr : '(' CLASS IDENTIFIER ')' . Expr  (79)

	NULL  shift 46
	THIS  shift 47
	NEW  shift 53
	READ_INTEGER  shift 55
	READ_LINE  shift 56
	LITERAL  shift 57
	IDENTIFIER  shift 58
	INSTANCEOF  shift 59
	SELF_INC  shift 60
	SELF_DEC  shift 61
	NUMINSTANCES  shift 62
	'-'  shift 64
	'!'  shift 65
	'('  shift 66
	.  error

	LValue  goto 87
	Expr  goto 192
	Call  goto 89
	Constant  goto 83


state 182
	Call : Expr '.' IDENTIFIER '(' . Actuals ')'  (45)
	Actuals : .  (84)

	NULL  shift 46
	THIS  shift 47
	NEW  shift 53
	READ_INTEGER  shift 55
	READ_LINE  shift 56
	LITERAL  shift 57
	IDENTIFIER  shift 58
	INSTANCEOF  shift 59
	SELF_INC  shift 60
	SELF_DEC  shift 61
	NUMINSTANCES  shift 62
	'-'  shift 64
	'!'  shift 65
	'('  shift 66
	')'  reduce 84

	LValue  goto 87
	Expr  goto 138
	Call  goto 89
	Actuals  goto 193
	Constant  goto 83
	ExprList  goto 143


state 183
	LValue : Expr '[' Expr ']' .  (43)

	.  reduce 43


state 184
	Expr : Expr '?' Expr ':' . Expr  (49)

	NULL  shift 46
	THIS  shift 47
	NEW  shift 53
	READ_INTEGER  shift 55
	READ_LINE  shift 56
	LITERAL  shift 57
	IDENTIFIER  shift 58
	INSTANCEOF  shift 59
	SELF_INC  shift 60
	SELF_DEC  shift 61
	NUMINSTANCES  shift 62
	'-'  shift 64
	'!'  shift 65
	'('  shift 66
	.  error

	LValue  goto 87
	Expr  goto 194
	Call  goto 89
	Constant  goto 83


state 185
	WhileStmt : WHILE '(' Expr ')' Stmt .  (87)

	.  reduce 87


state 186
	LValue : Expr . '.' IDENTIFIER  (42)
	LValue : Expr . '[' Expr ']'  (43)
	Call : Expr . '.' IDENTIFIER '(' Actuals ')'  (45)
	Expr : Expr . '?' Expr ':' Expr  (49)
	Expr : Expr . '+' Expr  (50)
	Expr : Expr . '-' Expr  (51)
	Expr : Expr . '*' Expr  (52)
	Expr : Expr . '/' Expr  (53)
	Expr : Expr . '%' Expr  (54)
	Expr : Expr . EQUAL Expr  (55)
	Expr : Expr . NOT_EQUAL Expr  (56)
	Expr : Expr . '<' Expr  (57)
	Expr : Expr . '>' Expr  (58)
	Expr : Expr . LESS_EQUAL Expr  (59)
	Expr : Expr . GREATER_EQUAL Expr  (60)
	Expr : Expr . AND Expr  (61)
	Expr : Expr . OR Expr  (62)
	ForStmt : FOR '(' SimpleStmt ';' Expr . ';' SimpleStmt ')' Stmt  (88)

	AND  shift 114
	OR  shift 115
	LESS_EQUAL  shift 116
	GREATER_EQUAL  shift 117
	EQUAL  shift 118
	NOT_EQUAL  shift 119
	'+'  shift 120
	'-'  shift 121
	'*'  shift 122
	'/'  shift 123
	'%'  shift 124
	'>'  shift 125
	'<'  shift 126
	'.'  shift 127
	';'  shift 195
	'['  shift 128
	'?'  shift 129
	.  error


state 187
	IfStmt : IF '(' Expr ')' Stmt . ElseClause  (90)
	ElseClause : .  (92)

	ELSE  shift 196
	VOID  reduce 92
	BOOL  reduce 92
	INT  reduce 92
	STRING  reduce 92
	CLASS  reduce 92
	NULL  reduce 92
	THIS  reduce 92
	WHILE  reduce 92
	FOR  reduce 92
	IF  reduce 92
	RETURN  reduce 92
	BREAK  reduce 92
	NEW  reduce 92
	PRINT  reduce 92
	READ_INTEGER  reduce 92
	READ_LINE  reduce 92
	LITERAL  reduce 92
	IDENTIFIER  reduce 92
	INSTANCEOF  reduce 92
	SELF_INC  reduce 92
	SELF_DEC  reduce 92
	NUMINSTANCES  reduce 92
	FI  reduce 92
	CASESEP  reduce 92
	DO  reduce 92
	OD  reduce 92
	'-'  reduce 92
	';'  reduce 92
	'!'  reduce 92
	'('  reduce 92
	'{'  reduce 92
	'}'  reduce 92

	ElseClause  goto 197


state 188
	GuardedStmts : GuardedStmts CASESEP Expr ':' . Stmt  (98)
	SimpleStmt : .  (40)

	VOID  shift 12
	BOOL  shift 13
	INT  shift 14
	STRING  shift 15
	CLASS  shift 16
	NULL  shift 46
	THIS  shift 47
	WHILE  shift 48
	FOR  shift 49
	IF  shift 50
	RETURN  shift 51
	BREAK  shift 52
	NEW  shift 53
	PRINT  shift 54
	READ_INTEGER  shift 55
	READ_LINE  shift 56
	LITERAL  shift 57
	IDENTIFIER  shift 58
	INSTANCEOF  shift 59
	SELF_INC  shift 60
	SELF_DEC  shift 61
	NUMINSTANCES  shift 62
	DO  shift 63
	'-'  shift 64
	'!'  shift 65
	'('  shift 66
	'{'  shift 41
	';'  reduce 40

	VariableDef  goto 68
	Variable  goto 20
	Type  goto 33
	StmtBlock  goto 69
	Stmt  goto 198
	SimpleStmt  goto 71
	IfStmt  goto 72
	WhileStmt  goto 73
	ForStmt  goto 74
	ReturnStmt  goto 75
	PrintStmt  goto 76
	BreakStmt  goto 77
	GuardedIfStmt  goto 78
	GuardedDoStmt  goto 79
	LValue  goto 80
	Expr  goto 81
	Call  goto 82
	Constant  goto 83


state 189
	Expr : NEW Type '[' Expr ']' .  (77)

	.  reduce 77


state 190
	LValue : Expr . '.' IDENTIFIER  (42)
	LValue : Expr . '[' Expr ']'  (43)
	Call : Expr . '.' IDENTIFIER '(' Actuals ')'  (45)
	Expr : Expr . '?' Expr ':' Expr  (49)
	Expr : Expr . '+' Expr  (50)
	Expr : Expr . '-' Expr  (51)
	Expr : Expr . '*' Expr  (52)
	Expr : Expr . '/' Expr  (53)
	Expr : Expr . '%' Expr  (54)
	Expr : Expr . EQUAL Expr  (55)
	Expr : Expr . NOT_EQUAL Expr  (56)
	Expr : Expr . '<' Expr  (57)
	Expr : Expr . '>' Expr  (58)
	Expr : Expr . LESS_EQUAL Expr  (59)
	Expr : Expr . GREATER_EQUAL Expr  (60)
	Expr : Expr . AND Expr  (61)
	Expr : Expr . OR Expr  (62)
	ExprList : ExprList ',' Expr .  (85)

	AND  shift 114
	OR  shift 115
	LESS_EQUAL  shift 116
	GREATER_EQUAL  shift 117
	EQUAL  shift 118
	NOT_EQUAL  shift 119
	'+'  shift 120
	'-'  shift 121
	'*'  shift 122
	'/'  shift 123
	'%'  shift 124
	'>'  shift 125
	'<'  shift 126
	'.'  shift 127
	'['  shift 128
	'?'  shift 129
	','  reduce 85
	')'  reduce 85


state 191
	Expr : INSTANCEOF '(' Expr ',' IDENTIFIER . ')'  (78)

	')'  shift 199
	.  error


state 192
	LValue : Expr . '.' IDENTIFIER  (42)
	LValue : Expr . '[' Expr ']'  (43)
	Call : Expr . '.' IDENTIFIER '(' Actuals ')'  (45)
	Expr : Expr . '?' Expr ':' Expr  (49)
	Expr : Expr . '+' Expr  (50)
	Expr : Expr . '-' Expr  (51)
	Expr : Expr . '*' Expr  (52)
	Expr : Expr . '/' Expr  (53)
	Expr : Expr . '%' Expr  (54)
	Expr : Expr . EQUAL Expr  (55)
	Expr : Expr . NOT_EQUAL Expr  (56)
	Expr : Expr . '<' Expr  (57)
	Expr : Expr . '>' Expr  (58)
	Expr : Expr . LESS_EQUAL Expr  (59)
	Expr : Expr . GREATER_EQUAL Expr  (60)
	Expr : Expr . AND Expr  (61)
	Expr : Expr . OR Expr  (62)
	Expr : '(' CLASS IDENTIFIER ')' Expr .  (79)

	.  reduce 79


state 193
	Call : Expr '.' IDENTIFIER '(' Actuals . ')'  (45)

	')'  shift 200
	.  error


state 194
	LValue : Expr . '.' IDENTIFIER  (42)
	LValue : Expr . '[' Expr ']'  (43)
	Call : Expr . '.' IDENTIFIER '(' Actuals ')'  (45)
	Expr : Expr . '?' Expr ':' Expr  (49)
	Expr : Expr '?' Expr ':' Expr .  (49)
	Expr : Expr . '+' Expr  (50)
	Expr : Expr . '-' Expr  (51)
	Expr : Expr . '*' Expr  (52)
	Expr : Expr . '/' Expr  (53)
	Expr : Expr . '%' Expr  (54)
	Expr : Expr . EQUAL Expr  (55)
	Expr : Expr . NOT_EQUAL Expr  (56)
	Expr : Expr . '<' Expr  (57)
	Expr : Expr . '>' Expr  (58)
	Expr : Expr . LESS_EQUAL Expr  (59)
	Expr : Expr . GREATER_EQUAL Expr  (60)
	Expr : Expr . AND Expr  (61)
	Expr : Expr . OR Expr  (62)

	AND  shift 114
	OR  shift 115
	LESS_EQUAL  shift 116
	GREATER_EQUAL  shift 117
	EQUAL  shift 118
	NOT_EQUAL  shift 119
	'+'  shift 120
	'-'  shift 121
	'*'  shift 122
	'/'  shift 123
	'%'  shift 124
	'>'  shift 125
	'<'  shift 126
	'.'  shift 127
	'['  shift 128
	'?'  shift 129
	','  reduce 49
	';'  reduce 49
	')'  reduce 49
	']'  reduce 49
	':'  reduce 49


state 195
	ForStmt : FOR '(' SimpleStmt ';' Expr ';' . SimpleStmt ')' Stmt  (88)
	SimpleStmt : .  (40)

	NULL  shift 46
	THIS  shift 47
	NEW  shift 53
	READ_INTEGER  shift 55
	READ_LINE  shift 56
	LITERAL  shift 57
	IDENTIFIER  shift 58
	INSTANCEOF  shift 59
	SELF_INC  shift 60
	SELF_DEC  shift 61
	NUMINSTANCES  shift 62
	'-'  shift 64
	'!'  shift 65
	'('  shift 66
	')'  reduce 40

	SimpleStmt  goto 201
	LValue  goto 80
	Expr  goto 81
	Call  goto 82
	Constant  goto 83


state 196
	ElseClause : ELSE . Stmt  (91)
	SimpleStmt : .  (40)

	VOID  shift 12
	BOOL  shift 13
	INT  shift 14
	STRING  shift 15
	CLASS  shift 16
	NULL  shift 46
	THIS  shift 47
	WHILE  shift 48
	FOR  shift 49
	IF  shift 50
	RETURN  shift 51
	BREAK  shift 52
	NEW  shift 53
	PRINT  shift 54
	READ_INTEGER  shift 55
	READ_LINE  shift 56
	LITERAL  shift 57
	IDENTIFIER  shift 58
	INSTANCEOF  shift 59
	SELF_INC  shift 60
	SELF_DEC  shift 61
	NUMINSTANCES  shift 62
	DO  shift 63
	'-'  shift 64
	'!'  shift 65
	'('  shift 66
	'{'  shift 41
	';'  reduce 40

	VariableDef  goto 68
	Variable  goto 20
	Type  goto 33
	StmtBlock  goto 69
	Stmt  goto 202
	SimpleStmt  goto 71
	IfStmt  goto 72
	WhileStmt  goto 73
	ForStmt  goto 74
	ReturnStmt  goto 75
	PrintStmt  goto 76
	BreakStmt  goto 77
	GuardedIfStmt  goto 78
	GuardedDoStmt  goto 79
	LValue  goto 80
	Expr  goto 81
	Call  goto 82
	Constant  goto 83


state 197
	IfStmt : IF '(' Expr ')' Stmt ElseClause .  (90)

	.  reduce 90


state 198
	GuardedStmts : GuardedStmts CASESEP Expr ':' Stmt .  (98)

	.  reduce 98


state 199
	Expr : INSTANCEOF '(' Expr ',' IDENTIFIER ')' .  (78)

	.  reduce 78


state 200
	Call : Expr '.' IDENTIFIER '(' Actuals ')' .  (45)

	.  reduce 45


state 201
	ForStmt : FOR '(' SimpleStmt ';' Expr ';' SimpleStmt . ')' Stmt  (88)

	')'  shift 203
	.  error


state 202
	ElseClause : ELSE Stmt .  (91)

	.  reduce 91


state 203
	ForStmt : FOR '(' SimpleStmt ';' Expr ';' SimpleStmt ')' . Stmt  (88)
	SimpleStmt : .  (40)

	VOID  shift 12
	BOOL  shift 13
	INT  shift 14
	STRING  shift 15
	CLASS  shift 16
	NULL  shift 46
	THIS  shift 47
	WHILE  shift 48
	FOR  shift 49
	IF  shift 50
	RETURN  shift 51
	BREAK  shift 52
	NEW  shift 53
	PRINT  shift 54
	READ_INTEGER  shift 55
	READ_LINE  shift 56
	LITERAL  shift 57
	IDENTIFIER  shift 58
	INSTANCEOF  shift 59
	SELF_INC  shift 60
	SELF_DEC  shift 61
	NUMINSTANCES  shift 62
	DO  shift 63
	'-'  shift 64
	'!'  shift 65
	'('  shift 66
	'{'  shift 41
	';'  reduce 40

	VariableDef  goto 68
	Variable  goto 20
	Type  goto 33
	StmtBlock  goto 69
	Stmt  goto 204
	SimpleStmt  goto 71
	IfStmt  goto 72
	WhileStmt  goto 73
	ForStmt  goto 74
	ReturnStmt  goto 75
	PrintStmt  goto 76
	BreakStmt  goto 77
	GuardedIfStmt  goto 78
	GuardedDoStmt  goto 79
	LValue  goto 80
	Expr  goto 81
	Call  goto 82
	Constant  goto 83


state 204
	ForStmt : FOR '(' SimpleStmt ';' Expr ';' SimpleStmt ')' Stmt .  (88)

	.  reduce 88


59 terminals, 35 nonterminals
100 grammar rules, 205 states
